<?xml version="1.0" encoding="UTF-8"?>
<coverage generated="1680807930216" clover="3.2.0">
  <project timestamp="1680807930216" name="All files">
    <metrics statements="480" coveredstatements="478" conditionals="131" coveredconditionals="130" methods="52" coveredmethods="50" elements="663" coveredelements="658" complexity="0" loc="480" ncloc="480" packages="5" files="14" classes="14"/>
    <package name="back">
      <metrics statements="27" coveredstatements="25" conditionals="0" coveredconditionals="0" methods="2" coveredmethods="0"/>
      <file name="app.js" path="Z:\Personal\Proyectos\newWeb\ticksta\back\app.js">
        <metrics statements="27" coveredstatements="25" conditionals="0" coveredconditionals="0" methods="2" coveredmethods="0"/>
        <line num="1" count="5" type="stmt"/>
        <line num="2" count="5" type="stmt"/>
        <line num="3" count="5" type="stmt"/>
        <line num="4" count="5" type="stmt"/>
        <line num="5" count="5" type="stmt"/>
        <line num="6" count="5" type="stmt"/>
        <line num="7" count="5" type="stmt"/>
        <line num="9" count="5" type="stmt"/>
        <line num="10" count="5" type="stmt"/>
        <line num="11" count="5" type="stmt"/>
        <line num="12" count="5" type="stmt"/>
        <line num="13" count="5" type="stmt"/>
        <line num="14" count="5" type="stmt"/>
        <line num="16" count="5" type="stmt"/>
        <line num="17" count="5" type="stmt"/>
        <line num="18" count="5" type="stmt"/>
        <line num="20" count="5" type="stmt"/>
        <line num="21" count="5" type="stmt"/>
        <line num="22" count="5" type="stmt"/>
        <line num="23" count="5" type="stmt"/>
        <line num="24" count="5" type="stmt"/>
        <line num="26" count="5" type="stmt"/>
        <line num="27" count="5" type="stmt"/>
        <line num="28" count="0" type="stmt"/>
        <line num="31" count="5" type="stmt"/>
        <line num="32" count="0" type="stmt"/>
        <line num="35" count="5" type="stmt"/>
      </file>
    </package>
    <package name="back.controllers">
      <metrics statements="343" coveredstatements="343" conditionals="115" coveredconditionals="114" methods="36" coveredmethods="36"/>
      <file name="Auth.js" path="Z:\Personal\Proyectos\newWeb\ticksta\back\controllers\Auth.js">
        <metrics statements="33" coveredstatements="33" conditionals="6" coveredconditionals="6" methods="4" coveredmethods="4"/>
        <line num="1" count="6" type="stmt"/>
        <line num="2" count="6" type="stmt"/>
        <line num="3" count="6" type="stmt"/>
        <line num="4" count="6" type="stmt"/>
        <line num="5" count="6" type="stmt"/>
        <line num="7" count="6" type="stmt"/>
        <line num="8" count="21" type="stmt"/>
        <line num="9" count="21" type="stmt"/>
        <line num="11" count="21" type="stmt"/>
        <line num="13" count="21" type="cond" truecount="2" falsecount="0"/>
        <line num="14" count="2" type="stmt"/>
        <line num="17" count="19" type="stmt"/>
        <line num="18" count="19" type="stmt"/>
        <line num="20" count="18" type="cond" truecount="2" falsecount="0"/>
        <line num="21" count="2" type="stmt"/>
        <line num="26" count="16" type="stmt"/>
        <line num="27" count="16" type="stmt"/>
        <line num="29" count="16" type="cond" truecount="2" falsecount="0"/>
        <line num="30" count="14" type="stmt"/>
        <line num="36" count="14" type="stmt"/>
        <line num="38" count="14" type="stmt"/>
        <line num="40" count="2" type="stmt"/>
        <line num="45" count="1" type="stmt"/>
        <line num="46" count="1" type="stmt"/>
        <line num="50" count="6" type="stmt"/>
        <line num="51" count="2" type="stmt"/>
        <line num="52" count="2" type="stmt"/>
        <line num="55" count="6" type="stmt"/>
        <line num="56" count="20" type="stmt"/>
        <line num="59" count="6" type="stmt"/>
        <line num="60" count="15" type="stmt"/>
        <line num="63" count="15" type="stmt"/>
        <line num="66" count="6" type="stmt"/>
      </file>
      <file name="Project.js" path="Z:\Personal\Proyectos\newWeb\ticksta\back\controllers\Project.js">
        <metrics statements="117" coveredstatements="117" conditionals="44" coveredconditionals="44" methods="12" coveredmethods="12"/>
        <line num="1" count="6" type="stmt"/>
        <line num="2" count="6" type="stmt"/>
        <line num="7" count="6" type="stmt"/>
        <line num="9" count="6" type="stmt"/>
        <line num="17" count="6" type="stmt"/>
        <line num="18" count="6" type="stmt"/>
        <line num="20" count="6" type="stmt"/>
        <line num="23" count="6" type="cond" truecount="4" falsecount="0"/>
        <line num="24" count="5" type="stmt"/>
        <line num="32" count="4" type="stmt"/>
        <line num="34" count="1" type="stmt"/>
        <line num="47" count="1" type="stmt"/>
        <line num="50" count="2" type="stmt"/>
        <line num="51" count="2" type="stmt"/>
        <line num="55" count="6" type="stmt"/>
        <line num="56" count="6" type="stmt"/>
        <line num="57" count="6" type="stmt"/>
        <line num="59" count="6" type="cond" truecount="2" falsecount="0"/>
        <line num="60" count="1" type="stmt"/>
        <line num="63" count="5" type="stmt"/>
        <line num="64" count="5" type="stmt"/>
        <line num="74" count="4" type="cond" truecount="2" falsecount="0"/>
        <line num="75" count="2" type="stmt"/>
        <line num="78" count="2" type="stmt"/>
        <line num="80" count="1" type="stmt"/>
        <line num="81" count="1" type="stmt"/>
        <line num="85" count="6" type="stmt"/>
        <line num="86" count="5" type="stmt"/>
        <line num="87" count="5" type="stmt"/>
        <line num="89" count="5" type="stmt"/>
        <line num="91" count="5" type="cond" truecount="2" falsecount="0"/>
        <line num="92" count="2" type="stmt"/>
        <line num="95" count="3" type="stmt"/>
        <line num="96" count="3" type="stmt"/>
        <line num="100" count="2" type="stmt"/>
        <line num="102" count="1" type="stmt"/>
        <line num="103" count="1" type="stmt"/>
        <line num="108" count="6" type="stmt"/>
        <line num="110" count="9" type="cond" truecount="2" falsecount="0"/>
        <line num="112" count="9" type="stmt"/>
        <line num="113" count="7" type="stmt"/>
        <line num="116" count="9" type="cond" truecount="2" falsecount="0"/>
        <line num="119" count="6" type="stmt"/>
        <line num="120" count="9" type="stmt"/>
        <line num="121" count="9" type="stmt"/>
        <line num="123" count="9" type="cond" truecount="2" falsecount="0"/>
        <line num="124" count="1" type="stmt"/>
        <line num="127" count="8" type="stmt"/>
        <line num="128" count="8" type="stmt"/>
        <line num="133" count="7" type="cond" truecount="2" falsecount="0"/>
        <line num="134" count="2" type="stmt"/>
        <line num="137" count="5" type="cond" truecount="2" falsecount="0"/>
        <line num="138" count="2" type="stmt"/>
        <line num="141" count="3" type="stmt"/>
        <line num="143" count="1" type="stmt"/>
        <line num="144" count="1" type="stmt"/>
        <line num="148" count="6" type="stmt"/>
        <line num="149" count="7" type="stmt"/>
        <line num="150" count="7" type="stmt"/>
        <line num="152" count="7" type="cond" truecount="4" falsecount="0"/>
        <line num="153" count="4" type="stmt"/>
        <line num="156" count="3" type="stmt"/>
        <line num="157" count="3" type="stmt"/>
        <line num="162" count="2" type="stmt"/>
        <line num="164" count="1" type="stmt"/>
        <line num="165" count="1" type="stmt"/>
        <line num="169" count="6" type="stmt"/>
        <line num="170" count="8" type="stmt"/>
        <line num="171" count="8" type="stmt"/>
        <line num="173" count="8" type="cond" truecount="2" falsecount="0"/>
        <line num="174" count="1" type="stmt"/>
        <line num="177" count="7" type="stmt"/>
        <line num="179" count="7" type="cond" truecount="2" falsecount="0"/>
        <line num="180" count="2" type="stmt"/>
        <line num="183" count="5" type="stmt"/>
        <line num="184" count="5" type="stmt"/>
        <line num="190" count="2" type="stmt"/>
        <line num="192" count="3" type="stmt"/>
        <line num="194" count="3" type="cond" truecount="2" falsecount="0"/>
        <line num="196" count="2" type="stmt"/>
        <line num="198" count="1" type="stmt"/>
        <line num="203" count="6" type="stmt"/>
        <line num="204" count="10" type="stmt"/>
        <line num="205" count="10" type="stmt"/>
        <line num="207" count="10" type="cond" truecount="2" falsecount="0"/>
        <line num="208" count="1" type="stmt"/>
        <line num="211" count="9" type="stmt"/>
        <line num="212" count="9" type="stmt"/>
        <line num="217" count="8" type="stmt"/>
        <line num="222" count="8" type="cond" truecount="4" falsecount="0"/>
        <line num="223" count="4" type="stmt"/>
        <line num="228" count="4" type="stmt"/>
        <line num="229" count="3" type="stmt"/>
        <line num="232" count="4" type="cond" truecount="2" falsecount="0"/>
        <line num="233" count="2" type="stmt"/>
        <line num="236" count="2" type="stmt"/>
        <line num="244" count="2" type="stmt"/>
        <line num="246" count="1" type="stmt"/>
        <line num="247" count="1" type="stmt"/>
        <line num="251" count="6" type="stmt"/>
        <line num="252" count="9" type="stmt"/>
        <line num="253" count="9" type="stmt"/>
        <line num="255" count="9" type="cond" truecount="2" falsecount="0"/>
        <line num="256" count="1" type="stmt"/>
        <line num="259" count="8" type="stmt"/>
        <line num="260" count="8" type="stmt"/>
        <line num="265" count="7" type="cond" truecount="2" falsecount="0"/>
        <line num="266" count="3" type="stmt"/>
        <line num="269" count="4" type="stmt"/>
        <line num="270" count="3" type="stmt"/>
        <line num="273" count="4" type="cond" truecount="2" falsecount="0"/>
        <line num="274" count="2" type="stmt"/>
        <line num="279" count="2" type="stmt"/>
        <line num="287" count="2" type="stmt"/>
        <line num="289" count="1" type="stmt"/>
        <line num="290" count="1" type="stmt"/>
        <line num="294" count="6" type="stmt"/>
      </file>
      <file name="Ticket.js" path="Z:\Personal\Proyectos\newWeb\ticksta\back\controllers\Ticket.js">
        <metrics statements="84" coveredstatements="84" conditionals="38" coveredconditionals="38" methods="8" coveredmethods="8"/>
        <line num="1" count="6" type="stmt"/>
        <line num="2" count="6" type="stmt"/>
        <line num="7" count="6" type="stmt"/>
        <line num="9" count="6" type="stmt"/>
        <line num="10" count="6" type="stmt"/>
        <line num="12" count="6" type="stmt"/>
        <line num="17" count="6" type="stmt"/>
        <line num="18" count="6" type="stmt"/>
        <line num="20" count="6" type="cond" truecount="4" falsecount="0"/>
        <line num="21" count="4" type="stmt"/>
        <line num="24" count="5" type="cond" truecount="2" falsecount="0"/>
        <line num="25" count="1" type="stmt"/>
        <line num="31" count="5" type="cond" truecount="2" falsecount="0"/>
        <line num="32" count="1" type="stmt"/>
        <line num="38" count="5" type="stmt"/>
        <line num="40" count="1" type="stmt"/>
        <line num="41" count="1" type="stmt"/>
        <line num="45" count="6" type="stmt"/>
        <line num="46" count="8" type="stmt"/>
        <line num="47" count="8" type="stmt"/>
        <line num="48" count="8" type="stmt"/>
        <line num="50" count="8" type="cond" truecount="2" falsecount="0"/>
        <line num="51" count="2" type="stmt"/>
        <line num="54" count="6" type="stmt"/>
        <line num="55" count="6" type="stmt"/>
        <line num="60" count="6" type="cond" truecount="2" falsecount="0"/>
        <line num="61" count="2" type="stmt"/>
        <line num="64" count="4" type="stmt"/>
        <line num="65" count="5" type="stmt"/>
        <line num="68" count="4" type="cond" truecount="2" falsecount="0"/>
        <line num="69" count="1" type="stmt"/>
        <line num="72" count="3" type="stmt"/>
        <line num="80" count="2" type="stmt"/>
        <line num="82" count="1" type="stmt"/>
        <line num="83" count="1" type="stmt"/>
        <line num="88" count="6" type="stmt"/>
        <line num="90" count="7" type="cond" truecount="2" falsecount="0"/>
        <line num="92" count="7" type="stmt"/>
        <line num="93" count="8" type="stmt"/>
        <line num="96" count="7" type="cond" truecount="2" falsecount="0"/>
        <line num="99" count="6" type="stmt"/>
        <line num="100" count="8" type="stmt"/>
        <line num="101" count="8" type="stmt"/>
        <line num="103" count="8" type="cond" truecount="2" falsecount="0"/>
        <line num="104" count="2" type="stmt"/>
        <line num="107" count="6" type="stmt"/>
        <line num="108" count="6" type="stmt"/>
        <line num="127" count="5" type="cond" truecount="2" falsecount="0"/>
        <line num="128" count="2" type="stmt"/>
        <line num="131" count="3" type="cond" truecount="2" falsecount="0"/>
        <line num="132" count="1" type="stmt"/>
        <line num="135" count="2" type="stmt"/>
        <line num="137" count="1" type="stmt"/>
        <line num="138" count="1" type="stmt"/>
        <line num="142" count="6" type="stmt"/>
        <line num="143" count="7" type="stmt"/>
        <line num="144" count="7" type="stmt"/>
        <line num="146" count="7" type="cond" truecount="4" falsecount="0"/>
        <line num="147" count="4" type="stmt"/>
        <line num="150" count="3" type="stmt"/>
        <line num="151" count="3" type="stmt"/>
        <line num="156" count="2" type="stmt"/>
        <line num="158" count="1" type="stmt"/>
        <line num="159" count="1" type="stmt"/>
        <line num="163" count="6" type="stmt"/>
        <line num="164" count="10" type="stmt"/>
        <line num="165" count="10" type="stmt"/>
        <line num="166" count="10" type="stmt"/>
        <line num="168" count="10" type="stmt"/>
        <line num="173" count="10" type="cond" truecount="2" falsecount="0"/>
        <line num="174" count="2" type="stmt"/>
        <line num="177" count="8" type="cond" truecount="2" falsecount="0"/>
        <line num="178" count="2" type="stmt"/>
        <line num="181" count="6" type="stmt"/>
        <line num="182" count="6" type="stmt"/>
        <line num="186" count="5" type="cond" truecount="2" falsecount="0"/>
        <line num="190" count="1" type="stmt"/>
        <line num="193" count="4" type="cond" truecount="2" falsecount="0"/>
        <line num="194" count="2" type="stmt"/>
        <line num="197" count="2" type="stmt"/>
        <line num="217" count="2" type="stmt"/>
        <line num="219" count="1" type="stmt"/>
        <line num="220" count="1" type="stmt"/>
        <line num="224" count="6" type="stmt"/>
      </file>
      <file name="TicketMessage.js" path="Z:\Personal\Proyectos\newWeb\ticksta\back\controllers\TicketMessage.js">
        <metrics statements="37" coveredstatements="37" conditionals="15" coveredconditionals="14" methods="3" coveredmethods="3"/>
        <line num="1" count="6" type="stmt"/>
        <line num="2" count="6" type="stmt"/>
        <line num="6" count="6" type="stmt"/>
        <line num="9" count="6" type="stmt"/>
        <line num="11" count="10" type="cond" truecount="2" falsecount="0"/>
        <line num="13" count="10" type="stmt"/>
        <line num="15" count="10" type="stmt"/>
        <line num="17" count="10" type="cond" truecount="3" falsecount="0"/>
        <line num="20" count="6" type="stmt"/>
        <line num="21" count="9" type="stmt"/>
        <line num="23" count="9" type="cond" truecount="1" falsecount="1"/>
        <line num="24" count="9" type="stmt"/>
        <line num="27" count="9" type="stmt"/>
        <line num="29" count="9" type="stmt"/>
        <line num="31" count="9" type="cond" truecount="2" falsecount="0"/>
        <line num="32" count="2" type="stmt"/>
        <line num="35" count="7" type="stmt"/>
        <line num="36" count="7" type="stmt"/>
        <line num="40" count="7" type="cond" truecount="2" falsecount="0"/>
        <line num="41" count="2" type="stmt"/>
        <line num="44" count="5" type="cond" truecount="2" falsecount="0"/>
        <line num="45" count="2" type="stmt"/>
        <line num="48" count="3" type="stmt"/>
        <line num="58" count="2" type="stmt"/>
        <line num="60" count="1" type="stmt"/>
        <line num="61" count="1" type="stmt"/>
        <line num="65" count="6" type="stmt"/>
        <line num="66" count="6" type="stmt"/>
        <line num="67" count="6" type="stmt"/>
        <line num="69" count="6" type="cond" truecount="2" falsecount="0"/>
        <line num="70" count="2" type="stmt"/>
        <line num="73" count="4" type="stmt"/>
        <line num="74" count="4" type="stmt"/>
        <line num="83" count="3" type="stmt"/>
        <line num="85" count="1" type="stmt"/>
        <line num="86" count="1" type="stmt"/>
        <line num="90" count="6" type="stmt"/>
      </file>
      <file name="User.js" path="Z:\Personal\Proyectos\newWeb\ticksta\back\controllers\User.js">
        <metrics statements="72" coveredstatements="72" conditionals="12" coveredconditionals="12" methods="9" coveredmethods="9"/>
        <line num="1" count="6" type="stmt"/>
        <line num="2" count="6" type="stmt"/>
        <line num="3" count="6" type="stmt"/>
        <line num="4" count="6" type="stmt"/>
        <line num="9" count="6" type="stmt"/>
        <line num="11" count="6" type="stmt"/>
        <line num="12" count="4" type="stmt"/>
        <line num="13" count="4" type="stmt"/>
        <line num="14" count="6" type="stmt"/>
        <line num="16" count="3" type="stmt"/>
        <line num="18" count="1" type="stmt"/>
        <line num="19" count="1" type="stmt"/>
        <line num="23" count="6" type="stmt"/>
        <line num="24" count="4" type="stmt"/>
        <line num="25" count="4" type="stmt"/>
        <line num="30" count="5" type="stmt"/>
        <line num="32" count="3" type="stmt"/>
        <line num="34" count="1" type="stmt"/>
        <line num="35" count="1" type="stmt"/>
        <line num="39" count="6" type="stmt"/>
        <line num="40" count="6" type="stmt"/>
        <line num="42" count="6" type="stmt"/>
        <line num="44" count="6" type="cond" truecount="2" falsecount="0"/>
        <line num="45" count="2" type="stmt"/>
        <line num="48" count="4" type="stmt"/>
        <line num="49" count="4" type="stmt"/>
        <line num="51" count="4" type="stmt"/>
        <line num="52" count="4" type="stmt"/>
        <line num="56" count="3" type="stmt"/>
        <line num="57" count="3" type="stmt"/>
        <line num="59" count="1" type="stmt"/>
        <line num="60" count="1" type="stmt"/>
        <line num="64" count="6" type="stmt"/>
        <line num="65" count="8" type="stmt"/>
        <line num="66" count="8" type="stmt"/>
        <line num="68" count="8" type="cond" truecount="2" falsecount="0"/>
        <line num="69" count="2" type="stmt"/>
        <line num="72" count="6" type="stmt"/>
        <line num="74" count="6" type="cond" truecount="2" falsecount="0"/>
        <line num="75" count="2" type="stmt"/>
        <line num="78" count="4" type="stmt"/>
        <line num="79" count="4" type="stmt"/>
        <line num="84" count="3" type="stmt"/>
        <line num="85" count="3" type="stmt"/>
        <line num="87" count="1" type="stmt"/>
        <line num="88" count="1" type="stmt"/>
        <line num="92" count="6" type="stmt"/>
        <line num="93" count="8" type="stmt"/>
        <line num="95" count="8" type="cond" truecount="2" falsecount="0"/>
        <line num="96" count="2" type="stmt"/>
        <line num="99" count="6" type="stmt"/>
        <line num="100" count="6" type="stmt"/>
        <line num="102" count="5" type="cond" truecount="2" falsecount="0"/>
        <line num="103" count="2" type="stmt"/>
        <line num="106" count="3" type="stmt"/>
        <line num="107" count="3" type="stmt"/>
        <line num="109" count="1" type="stmt"/>
        <line num="110" count="1" type="stmt"/>
        <line num="114" count="6" type="stmt"/>
        <line num="115" count="4" type="stmt"/>
        <line num="116" count="4" type="stmt"/>
        <line num="117" count="4" type="stmt"/>
        <line num="119" count="3" type="cond" truecount="2" falsecount="0"/>
        <line num="120" count="1" type="stmt"/>
        <line num="123" count="2" type="stmt"/>
        <line num="125" count="2" type="stmt"/>
        <line num="127" count="1" type="stmt"/>
        <line num="128" count="1" type="stmt"/>
        <line num="132" count="6" type="stmt"/>
        <line num="133" count="22" type="stmt"/>
        <line num="135" count="22" type="stmt"/>
        <line num="138" count="6" type="stmt"/>
      </file>
    </package>
    <package name="back.middleware">
      <metrics statements="23" coveredstatements="23" conditionals="14" coveredconditionals="14" methods="3" coveredmethods="3"/>
      <file name="authMiddleware.js" path="Z:\Personal\Proyectos\newWeb\ticksta\back\middleware\authMiddleware.js">
        <metrics statements="23" coveredstatements="23" conditionals="14" coveredconditionals="14" methods="3" coveredmethods="3"/>
        <line num="1" count="6" type="stmt"/>
        <line num="3" count="6" type="stmt"/>
        <line num="4" count="81" type="stmt"/>
        <line num="5" count="81" type="cond" truecount="2" falsecount="0"/>
        <line num="7" count="81" type="cond" truecount="2" falsecount="0"/>
        <line num="8" count="15" type="stmt"/>
        <line num="11" count="66" type="stmt"/>
        <line num="12" count="66" type="stmt"/>
        <line num="14" count="64" type="stmt"/>
        <line num="15" count="64" type="stmt"/>
        <line num="17" count="2" type="stmt"/>
        <line num="19" count="2" type="cond" truecount="2" falsecount="0"/>
        <line num="20" count="1" type="stmt"/>
        <line num="23" count="1" type="stmt"/>
        <line num="28" count="74" type="stmt"/>
        <line num="29" count="54" type="stmt"/>
        <line num="31" count="54" type="cond" truecount="4" falsecount="0"/>
        <line num="32" count="15" type="stmt"/>
        <line num="35" count="39" type="cond" truecount="4" falsecount="0"/>
        <line num="36" count="25" type="stmt"/>
        <line num="39" count="14" type="stmt"/>
        <line num="42" count="74" type="stmt"/>
        <line num="45" count="6" type="stmt"/>
      </file>
    </package>
    <package name="back.routes">
      <metrics statements="47" coveredstatements="47" conditionals="0" coveredconditionals="0" methods="0" coveredmethods="0"/>
      <file name="Auth.js" path="Z:\Personal\Proyectos\newWeb\ticksta\back\routes\Auth.js">
        <metrics statements="7" coveredstatements="7" conditionals="0" coveredconditionals="0" methods="0" coveredmethods="0"/>
        <line num="1" count="5" type="stmt"/>
        <line num="2" count="5" type="stmt"/>
        <line num="4" count="5" type="stmt"/>
        <line num="5" count="5" type="stmt"/>
        <line num="7" count="5" type="stmt"/>
        <line num="8" count="5" type="stmt"/>
        <line num="10" count="5" type="stmt"/>
      </file>
      <file name="Project.js" path="Z:\Personal\Proyectos\newWeb\ticksta\back\routes\Project.js">
        <metrics statements="13" coveredstatements="13" conditionals="0" coveredconditionals="0" methods="0" coveredmethods="0"/>
        <line num="1" count="5" type="stmt"/>
        <line num="2" count="5" type="stmt"/>
        <line num="12" count="5" type="stmt"/>
        <line num="13" count="5" type="stmt"/>
        <line num="15" count="5" type="stmt"/>
        <line num="16" count="5" type="stmt"/>
        <line num="18" count="5" type="stmt"/>
        <line num="19" count="5" type="stmt"/>
        <line num="21" count="5" type="stmt"/>
        <line num="27" count="5" type="stmt"/>
        <line num="33" count="5" type="stmt"/>
        <line num="35" count="5" type="stmt"/>
        <line num="41" count="5" type="stmt"/>
      </file>
      <file name="Ticket.js" path="Z:\Personal\Proyectos\newWeb\ticksta\back\routes\Ticket.js">
        <metrics statements="10" coveredstatements="10" conditionals="0" coveredconditionals="0" methods="0" coveredmethods="0"/>
        <line num="1" count="5" type="stmt"/>
        <line num="2" count="5" type="stmt"/>
        <line num="9" count="5" type="stmt"/>
        <line num="10" count="5" type="stmt"/>
        <line num="12" count="5" type="stmt"/>
        <line num="13" count="5" type="stmt"/>
        <line num="15" count="5" type="stmt"/>
        <line num="16" count="5" type="stmt"/>
        <line num="18" count="5" type="stmt"/>
        <line num="24" count="5" type="stmt"/>
      </file>
      <file name="TicketMessage.js" path="Z:\Personal\Proyectos\newWeb\ticksta\back\routes\TicketMessage.js">
        <metrics statements="7" coveredstatements="7" conditionals="0" coveredconditionals="0" methods="0" coveredmethods="0"/>
        <line num="1" count="5" type="stmt"/>
        <line num="2" count="5" type="stmt"/>
        <line num="6" count="5" type="stmt"/>
        <line num="7" count="5" type="stmt"/>
        <line num="9" count="5" type="stmt"/>
        <line num="11" count="5" type="stmt"/>
        <line num="13" count="5" type="stmt"/>
      </file>
      <file name="User.js" path="Z:\Personal\Proyectos\newWeb\ticksta\back\routes\User.js">
        <metrics statements="10" coveredstatements="10" conditionals="0" coveredconditionals="0" methods="0" coveredmethods="0"/>
        <line num="1" count="5" type="stmt"/>
        <line num="2" count="5" type="stmt"/>
        <line num="9" count="5" type="stmt"/>
        <line num="13" count="5" type="stmt"/>
        <line num="15" count="5" type="stmt"/>
        <line num="22" count="5" type="stmt"/>
        <line num="23" count="5" type="stmt"/>
        <line num="25" count="5" type="stmt"/>
        <line num="26" count="5" type="stmt"/>
        <line num="28" count="5" type="stmt"/>
      </file>
    </package>
    <package name="back.utils">
      <metrics statements="40" coveredstatements="40" conditionals="2" coveredconditionals="2" methods="11" coveredmethods="11"/>
      <file name="dates.js" path="Z:\Personal\Proyectos\newWeb\ticksta\back\utils\dates.js">
        <metrics statements="4" coveredstatements="4" conditionals="0" coveredconditionals="0" methods="1" coveredmethods="1"/>
        <line num="1" count="2" type="stmt"/>
        <line num="2" count="8" type="stmt"/>
        <line num="3" count="8" type="stmt"/>
        <line num="6" count="2" type="stmt"/>
      </file>
      <file name="schemaValidators.js" path="Z:\Personal\Proyectos\newWeb\ticksta\back\utils\schemaValidators.js">
        <metrics statements="36" coveredstatements="36" conditionals="2" coveredconditionals="2" methods="10" coveredmethods="10"/>
        <line num="1" count="5" type="stmt"/>
        <line num="3" count="5" type="stmt"/>
        <line num="4" count="36" type="stmt"/>
        <line num="6" count="36" type="cond" truecount="2" falsecount="0"/>
        <line num="7" count="8" type="stmt"/>
        <line num="8" count="17" type="stmt"/>
        <line num="11" count="8" type="stmt"/>
        <line num="14" count="28" type="stmt"/>
        <line num="17" count="5" type="stmt"/>
        <line num="18" count="2" type="stmt"/>
        <line num="25" count="2" type="stmt"/>
        <line num="28" count="5" type="stmt"/>
        <line num="29" count="2" type="stmt"/>
        <line num="35" count="2" type="stmt"/>
        <line num="38" count="5" type="stmt"/>
        <line num="39" count="16" type="stmt"/>
        <line num="44" count="16" type="stmt"/>
        <line num="47" count="5" type="stmt"/>
        <line num="48" count="5" type="stmt"/>
        <line num="49" count="5" type="stmt"/>
        <line num="51" count="5" type="stmt"/>
        <line num="52" count="3" type="stmt"/>
        <line num="64" count="3" type="stmt"/>
        <line num="67" count="5" type="stmt"/>
        <line num="68" count="4" type="stmt"/>
        <line num="82" count="4" type="stmt"/>
        <line num="85" count="5" type="stmt"/>
        <line num="86" count="2" type="stmt"/>
        <line num="91" count="2" type="stmt"/>
        <line num="94" count="5" type="stmt"/>
        <line num="95" count="3" type="stmt"/>
        <line num="100" count="3" type="stmt"/>
        <line num="103" count="5" type="stmt"/>
        <line num="104" count="4" type="stmt"/>
        <line num="109" count="4" type="stmt"/>
        <line num="112" count="5" type="stmt"/>
      </file>
    </package>
  </project>
</coverage>
