{"Z:\\Personal\\Proyectos\\newWeb\\ticksta\\back\\app.js": {"path":"Z:\\Personal\\Proyectos\\newWeb\\ticksta\\back\\app.js","statementMap":{"0":{"start":{"line":1,"column":0},"end":{"line":1,"column":27}},"1":{"start":{"line":2,"column":16},"end":{"line":2,"column":34}},"2":{"start":{"line":3,"column":13},"end":{"line":3,"column":28}},"3":{"start":{"line":4,"column":15},"end":{"line":4,"column":32}},"4":{"start":{"line":5,"column":13},"end":{"line":5,"column":28}},"5":{"start":{"line":6,"column":12},"end":{"line":6,"column":21}},"6":{"start":{"line":7,"column":17},"end":{"line":7,"column":38}},"7":{"start":{"line":9,"column":19},"end":{"line":9,"column":46}},"8":{"start":{"line":10,"column":21},"end":{"line":10,"column":50}},"9":{"start":{"line":11,"column":22},"end":{"line":11,"column":52}},"10":{"start":{"line":12,"column":28},"end":{"line":12,"column":64}},"11":{"start":{"line":13,"column":19},"end":{"line":13,"column":46}},"12":{"start":{"line":14,"column":26},"end":{"line":14,"column":64}},"13":{"start":{"line":16,"column":0},"end":{"line":16,"column":16}},"14":{"start":{"line":17,"column":0},"end":{"line":17,"column":24}},"15":{"start":{"line":18,"column":0},"end":{"line":18,"column":24}},"16":{"start":{"line":20,"column":0},"end":{"line":20,"column":41}},"17":{"start":{"line":21,"column":0},"end":{"line":21,"column":60}},"18":{"start":{"line":22,"column":0},"end":{"line":22,"column":62}},"19":{"start":{"line":23,"column":0},"end":{"line":23,"column":74}},"20":{"start":{"line":24,"column":0},"end":{"line":24,"column":40}},"21":{"start":{"line":26,"column":0},"end":{"line":26,"column":55}},"22":{"start":{"line":27,"column":0},"end":{"line":29,"column":3}},"23":{"start":{"line":28,"column":1},"end":{"line":28,"column":59}},"24":{"start":{"line":31,"column":0},"end":{"line":33,"column":3}},"25":{"start":{"line":32,"column":1},"end":{"line":32,"column":39}},"26":{"start":{"line":35,"column":0},"end":{"line":35,"column":21}}},"fnMap":{"0":{"name":"(anonymous_0)","decl":{"start":{"line":27,"column":14},"end":{"line":27,"column":15}},"loc":{"start":{"line":27,"column":28},"end":{"line":29,"column":1}},"line":27},"1":{"name":"(anonymous_1)","decl":{"start":{"line":31,"column":13},"end":{"line":31,"column":14}},"loc":{"start":{"line":31,"column":27},"end":{"line":33,"column":1}},"line":31}},"branchMap":{},"s":{"0":5,"1":5,"2":5,"3":5,"4":5,"5":5,"6":5,"7":5,"8":5,"9":5,"10":5,"11":5,"12":5,"13":5,"14":5,"15":5,"16":5,"17":5,"18":5,"19":5,"20":5,"21":5,"22":5,"23":0,"24":5,"25":0,"26":5},"f":{"0":0,"1":0},"b":{},"_coverageSchema":"1a1c01bbd47fc00a2c39e90264f33305004495a9","hash":"c13ffca857f2e8fd6b553edc16122cf90a2683a8"}
,"Z:\\Personal\\Proyectos\\newWeb\\ticksta\\back\\controllers\\Auth.js": {"path":"Z:\\Personal\\Proyectos\\newWeb\\ticksta\\back\\controllers\\Auth.js","statementMap":{"0":{"start":{"line":1,"column":25},"end":{"line":1,"column":50}},"1":{"start":{"line":2,"column":15},"end":{"line":2,"column":33}},"2":{"start":{"line":3,"column":15},"end":{"line":3,"column":32}},"3":{"start":{"line":4,"column":12},"end":{"line":4,"column":35}},"4":{"start":{"line":5,"column":30},"end":{"line":5,"column":66}},"5":{"start":{"line":7,"column":14},"end":{"line":48,"column":1}},"6":{"start":{"line":8,"column":15},"end":{"line":8,"column":29}},"7":{"start":{"line":9,"column":18},"end":{"line":9,"column":35}},"8":{"start":{"line":11,"column":26},"end":{"line":11,"column":64}},"9":{"start":{"line":13,"column":1},"end":{"line":15,"column":2}},"10":{"start":{"line":14,"column":2},"end":{"line":14,"column":59}},"11":{"start":{"line":17,"column":1},"end":{"line":47,"column":2}},"12":{"start":{"line":18,"column":15},"end":{"line":18,"column":42}},"13":{"start":{"line":20,"column":2},"end":{"line":24,"column":3}},"14":{"start":{"line":21,"column":3},"end":{"line":23,"column":58}},"15":{"start":{"line":26,"column":26},"end":{"line":26,"column":71}},"16":{"start":{"line":27,"column":2},"end":{"line":27,"column":23}},"17":{"start":{"line":29,"column":2},"end":{"line":43,"column":3}},"18":{"start":{"line":30,"column":21},"end":{"line":35,"column":4}},"19":{"start":{"line":36,"column":15},"end":{"line":36,"column":43}},"20":{"start":{"line":38,"column":3},"end":{"line":38,"column":21}},"21":{"start":{"line":40,"column":3},"end":{"line":42,"column":58}},"22":{"start":{"line":45,"column":2},"end":{"line":45,"column":27}},"23":{"start":{"line":46,"column":2},"end":{"line":46,"column":45}},"24":{"start":{"line":50,"column":26},"end":{"line":53,"column":1}},"25":{"start":{"line":51,"column":18},"end":{"line":51,"column":30}},"26":{"start":{"line":52,"column":1},"end":{"line":52,"column":20}},"27":{"start":{"line":55,"column":23},"end":{"line":57,"column":1}},"28":{"start":{"line":56,"column":1},"end":{"line":56,"column":66}},"29":{"start":{"line":59,"column":20},"end":{"line":64,"column":1}},"30":{"start":{"line":60,"column":15},"end":{"line":62,"column":3}},"31":{"start":{"line":63,"column":1},"end":{"line":63,"column":14}},"32":{"start":{"line":66,"column":0},"end":{"line":66,"column":75}}},"fnMap":{"0":{"name":"(anonymous_0)","decl":{"start":{"line":7,"column":14},"end":{"line":7,"column":15}},"loc":{"start":{"line":7,"column":34},"end":{"line":48,"column":1}},"line":7},"1":{"name":"(anonymous_1)","decl":{"start":{"line":50,"column":26},"end":{"line":50,"column":27}},"loc":{"start":{"line":50,"column":40},"end":{"line":53,"column":1}},"line":50},"2":{"name":"(anonymous_2)","decl":{"start":{"line":55,"column":23},"end":{"line":55,"column":24}},"loc":{"start":{"line":55,"column":40},"end":{"line":57,"column":1}},"line":55},"3":{"name":"(anonymous_3)","decl":{"start":{"line":59,"column":20},"end":{"line":59,"column":21}},"loc":{"start":{"line":59,"column":36},"end":{"line":64,"column":1}},"line":59}},"branchMap":{"0":{"loc":{"start":{"line":13,"column":1},"end":{"line":15,"column":2}},"type":"if","locations":[{"start":{"line":13,"column":1},"end":{"line":15,"column":2}},{"start":{},"end":{}}],"line":13},"1":{"loc":{"start":{"line":20,"column":2},"end":{"line":24,"column":3}},"type":"if","locations":[{"start":{"line":20,"column":2},"end":{"line":24,"column":3}},{"start":{},"end":{}}],"line":20},"2":{"loc":{"start":{"line":29,"column":2},"end":{"line":43,"column":3}},"type":"if","locations":[{"start":{"line":29,"column":2},"end":{"line":43,"column":3}},{"start":{"line":39,"column":9},"end":{"line":43,"column":3}}],"line":29}},"s":{"0":6,"1":6,"2":6,"3":6,"4":6,"5":6,"6":21,"7":21,"8":21,"9":21,"10":2,"11":19,"12":19,"13":18,"14":2,"15":16,"16":16,"17":16,"18":14,"19":14,"20":14,"21":2,"22":1,"23":1,"24":6,"25":2,"26":2,"27":6,"28":20,"29":6,"30":15,"31":15,"32":6},"f":{"0":21,"1":2,"2":20,"3":15},"b":{"0":[2,19],"1":[2,16],"2":[14,2]},"_coverageSchema":"1a1c01bbd47fc00a2c39e90264f33305004495a9","hash":"9aef82a6d3a0b56383ed341223c8bd1cb6aa1ccd"}
,"Z:\\Personal\\Proyectos\\newWeb\\ticksta\\back\\controllers\\Project.js": {"path":"Z:\\Personal\\Proyectos\\newWeb\\ticksta\\back\\controllers\\Project.js","statementMap":{"0":{"start":{"line":1,"column":25},"end":{"line":1,"column":50}},"1":{"start":{"line":2,"column":15},"end":{"line":2,"column":33}},"2":{"start":{"line":7,"column":4},"end":{"line":7,"column":43}},"3":{"start":{"line":9,"column":24},"end":{"line":15,"column":1}},"4":{"start":{"line":17,"column":20},"end":{"line":53,"column":1}},"5":{"start":{"line":18,"column":30},"end":{"line":18,"column":42}},"6":{"start":{"line":20,"column":1},"end":{"line":52,"column":2}},"7":{"start":{"line":23,"column":2},"end":{"line":48,"column":3}},"8":{"start":{"line":24,"column":3},"end":{"line":30,"column":6}},"9":{"start":{"line":32,"column":3},"end":{"line":32,"column":22}},"10":{"start":{"line":34,"column":3},"end":{"line":45,"column":6}},"11":{"start":{"line":47,"column":3},"end":{"line":47,"column":39}},"12":{"start":{"line":50,"column":2},"end":{"line":50,"column":19}},"13":{"start":{"line":51,"column":2},"end":{"line":51,"column":45}},"14":{"start":{"line":55,"column":23},"end":{"line":83,"column":1}},"15":{"start":{"line":56,"column":19},"end":{"line":56,"column":42}},"16":{"start":{"line":57,"column":1},"end":{"line":57,"column":29}},"17":{"start":{"line":59,"column":1},"end":{"line":61,"column":2}},"18":{"start":{"line":60,"column":2},"end":{"line":60,"column":59}},"19":{"start":{"line":63,"column":1},"end":{"line":82,"column":2}},"20":{"start":{"line":64,"column":18},"end":{"line":72,"column":4}},"21":{"start":{"line":74,"column":2},"end":{"line":76,"column":3}},"22":{"start":{"line":75,"column":3},"end":{"line":75,"column":68}},"23":{"start":{"line":78,"column":2},"end":{"line":78,"column":34}},"24":{"start":{"line":80,"column":2},"end":{"line":80,"column":19}},"25":{"start":{"line":81,"column":2},"end":{"line":81,"column":45}},"26":{"start":{"line":85,"column":22},"end":{"line":105,"column":1}},"27":{"start":{"line":86,"column":14},"end":{"line":86,"column":22}},"28":{"start":{"line":87,"column":20},"end":{"line":87,"column":39}},"29":{"start":{"line":89,"column":26},"end":{"line":89,"column":59}},"30":{"start":{"line":91,"column":1},"end":{"line":93,"column":2}},"31":{"start":{"line":92,"column":2},"end":{"line":92,"column":59}},"32":{"start":{"line":95,"column":1},"end":{"line":104,"column":2}},"33":{"start":{"line":96,"column":21},"end":{"line":98,"column":4}},"34":{"start":{"line":100,"column":2},"end":{"line":100,"column":35}},"35":{"start":{"line":102,"column":2},"end":{"line":102,"column":19}},"36":{"start":{"line":103,"column":2},"end":{"line":103,"column":45}},"37":{"start":{"line":108,"column":30},"end":{"line":117,"column":1}},"38":{"start":{"line":110,"column":2},"end":{"line":110,"column":58}},"39":{"start":{"line":112,"column":33},"end":{"line":114,"column":2}},"40":{"start":{"line":113,"column":20},"end":{"line":113,"column":51}},"41":{"start":{"line":116,"column":1},"end":{"line":116,"column":54}},"42":{"start":{"line":119,"column":23},"end":{"line":146,"column":1}},"43":{"start":{"line":120,"column":19},"end":{"line":120,"column":42}},"44":{"start":{"line":121,"column":1},"end":{"line":121,"column":29}},"45":{"start":{"line":123,"column":1},"end":{"line":125,"column":2}},"46":{"start":{"line":124,"column":2},"end":{"line":124,"column":59}},"47":{"start":{"line":127,"column":1},"end":{"line":145,"column":2}},"48":{"start":{"line":128,"column":18},"end":{"line":131,"column":4}},"49":{"start":{"line":133,"column":2},"end":{"line":135,"column":3}},"50":{"start":{"line":134,"column":3},"end":{"line":134,"column":68}},"51":{"start":{"line":137,"column":2},"end":{"line":139,"column":3}},"52":{"start":{"line":138,"column":3},"end":{"line":138,"column":58}},"53":{"start":{"line":141,"column":2},"end":{"line":141,"column":20}},"54":{"start":{"line":143,"column":2},"end":{"line":143,"column":19}},"55":{"start":{"line":144,"column":2},"end":{"line":144,"column":45}},"56":{"start":{"line":148,"column":26},"end":{"line":167,"column":1}},"57":{"start":{"line":149,"column":24},"end":{"line":149,"column":51}},"58":{"start":{"line":150,"column":1},"end":{"line":150,"column":29}},"59":{"start":{"line":152,"column":1},"end":{"line":154,"column":2}},"60":{"start":{"line":153,"column":2},"end":{"line":153,"column":56}},"61":{"start":{"line":156,"column":1},"end":{"line":166,"column":2}},"62":{"start":{"line":157,"column":19},"end":{"line":160,"column":4}},"63":{"start":{"line":162,"column":2},"end":{"line":162,"column":21}},"64":{"start":{"line":164,"column":2},"end":{"line":164,"column":19}},"65":{"start":{"line":165,"column":2},"end":{"line":165,"column":45}},"66":{"start":{"line":169,"column":22},"end":{"line":201,"column":1}},"67":{"start":{"line":170,"column":19},"end":{"line":170,"column":42}},"68":{"start":{"line":171,"column":14},"end":{"line":171,"column":22}},"69":{"start":{"line":173,"column":1},"end":{"line":175,"column":2}},"70":{"start":{"line":174,"column":2},"end":{"line":174,"column":59}},"71":{"start":{"line":177,"column":26},"end":{"line":177,"column":57}},"72":{"start":{"line":179,"column":1},"end":{"line":181,"column":2}},"73":{"start":{"line":180,"column":2},"end":{"line":180,"column":59}},"74":{"start":{"line":183,"column":1},"end":{"line":200,"column":2}},"75":{"start":{"line":184,"column":25},"end":{"line":188,"column":4}},"76":{"start":{"line":190,"column":2},"end":{"line":190,"column":27}},"77":{"start":{"line":192,"column":2},"end":{"line":192,"column":19}},"78":{"start":{"line":194,"column":2},"end":{"line":199,"column":3}},"79":{"start":{"line":196,"column":3},"end":{"line":196,"column":68}},"80":{"start":{"line":198,"column":3},"end":{"line":198,"column":46}},"81":{"start":{"line":203,"column":25},"end":{"line":249,"column":1}},"82":{"start":{"line":204,"column":19},"end":{"line":204,"column":42}},"83":{"start":{"line":205,"column":19},"end":{"line":205,"column":37}},"84":{"start":{"line":207,"column":1},"end":{"line":209,"column":2}},"85":{"start":{"line":208,"column":2},"end":{"line":208,"column":59}},"86":{"start":{"line":211,"column":1},"end":{"line":248,"column":2}},"87":{"start":{"line":212,"column":18},"end":{"line":215,"column":4}},"88":{"start":{"line":217,"column":15},"end":{"line":220,"column":4}},"89":{"start":{"line":222,"column":2},"end":{"line":226,"column":3}},"90":{"start":{"line":223,"column":3},"end":{"line":225,"column":57}},"91":{"start":{"line":228,"column":30},"end":{"line":230,"column":3}},"92":{"start":{"line":229,"column":21},"end":{"line":229,"column":53}},"93":{"start":{"line":232,"column":2},"end":{"line":234,"column":3}},"94":{"start":{"line":233,"column":3},"end":{"line":233,"column":65}},"95":{"start":{"line":236,"column":25},"end":{"line":242,"column":4}},"96":{"start":{"line":244,"column":2},"end":{"line":244,"column":27}},"97":{"start":{"line":246,"column":2},"end":{"line":246,"column":19}},"98":{"start":{"line":247,"column":2},"end":{"line":247,"column":45}},"99":{"start":{"line":251,"column":30},"end":{"line":292,"column":1}},"100":{"start":{"line":252,"column":19},"end":{"line":252,"column":42}},"101":{"start":{"line":253,"column":19},"end":{"line":253,"column":37}},"102":{"start":{"line":255,"column":1},"end":{"line":257,"column":2}},"103":{"start":{"line":256,"column":2},"end":{"line":256,"column":59}},"104":{"start":{"line":259,"column":1},"end":{"line":291,"column":2}},"105":{"start":{"line":260,"column":18},"end":{"line":263,"column":4}},"106":{"start":{"line":265,"column":2},"end":{"line":267,"column":3}},"107":{"start":{"line":266,"column":3},"end":{"line":266,"column":68}},"108":{"start":{"line":269,"column":30},"end":{"line":271,"column":3}},"109":{"start":{"line":270,"column":21},"end":{"line":270,"column":53}},"110":{"start":{"line":273,"column":2},"end":{"line":277,"column":3}},"111":{"start":{"line":274,"column":3},"end":{"line":276,"column":63}},"112":{"start":{"line":279,"column":25},"end":{"line":285,"column":4}},"113":{"start":{"line":287,"column":2},"end":{"line":287,"column":27}},"114":{"start":{"line":289,"column":2},"end":{"line":289,"column":19}},"115":{"start":{"line":290,"column":2},"end":{"line":290,"column":45}},"116":{"start":{"line":294,"column":0},"end":{"line":304,"column":2}}},"fnMap":{"0":{"name":"(anonymous_0)","decl":{"start":{"line":17,"column":20},"end":{"line":17,"column":21}},"loc":{"start":{"line":17,"column":40},"end":{"line":53,"column":1}},"line":17},"1":{"name":"(anonymous_1)","decl":{"start":{"line":55,"column":23},"end":{"line":55,"column":24}},"loc":{"start":{"line":55,"column":43},"end":{"line":83,"column":1}},"line":55},"2":{"name":"(anonymous_2)","decl":{"start":{"line":85,"column":22},"end":{"line":85,"column":23}},"loc":{"start":{"line":85,"column":42},"end":{"line":105,"column":1}},"line":85},"3":{"name":"(anonymous_3)","decl":{"start":{"line":108,"column":30},"end":{"line":108,"column":31}},"loc":{"start":{"line":108,"column":49},"end":{"line":117,"column":1}},"line":108},"4":{"name":"(anonymous_4)","decl":{"start":{"line":113,"column":2},"end":{"line":113,"column":3}},"loc":{"start":{"line":113,"column":20},"end":{"line":113,"column":51}},"line":113},"5":{"name":"(anonymous_5)","decl":{"start":{"line":119,"column":23},"end":{"line":119,"column":24}},"loc":{"start":{"line":119,"column":43},"end":{"line":146,"column":1}},"line":119},"6":{"name":"(anonymous_6)","decl":{"start":{"line":148,"column":26},"end":{"line":148,"column":27}},"loc":{"start":{"line":148,"column":46},"end":{"line":167,"column":1}},"line":148},"7":{"name":"(anonymous_7)","decl":{"start":{"line":169,"column":22},"end":{"line":169,"column":23}},"loc":{"start":{"line":169,"column":42},"end":{"line":201,"column":1}},"line":169},"8":{"name":"(anonymous_8)","decl":{"start":{"line":203,"column":25},"end":{"line":203,"column":26}},"loc":{"start":{"line":203,"column":45},"end":{"line":249,"column":1}},"line":203},"9":{"name":"(anonymous_9)","decl":{"start":{"line":229,"column":3},"end":{"line":229,"column":4}},"loc":{"start":{"line":229,"column":21},"end":{"line":229,"column":53}},"line":229},"10":{"name":"(anonymous_10)","decl":{"start":{"line":251,"column":30},"end":{"line":251,"column":31}},"loc":{"start":{"line":251,"column":50},"end":{"line":292,"column":1}},"line":251},"11":{"name":"(anonymous_11)","decl":{"start":{"line":270,"column":3},"end":{"line":270,"column":4}},"loc":{"start":{"line":270,"column":21},"end":{"line":270,"column":53}},"line":270}},"branchMap":{"0":{"loc":{"start":{"line":23,"column":2},"end":{"line":48,"column":3}},"type":"if","locations":[{"start":{"line":23,"column":2},"end":{"line":48,"column":3}},{"start":{"line":33,"column":9},"end":{"line":48,"column":3}}],"line":23},"1":{"loc":{"start":{"line":23,"column":6},"end":{"line":23,"column":52}},"type":"binary-expr","locations":[{"start":{"line":23,"column":6},"end":{"line":23,"column":26}},{"start":{"line":23,"column":30},"end":{"line":23,"column":52}}],"line":23},"2":{"loc":{"start":{"line":59,"column":1},"end":{"line":61,"column":2}},"type":"if","locations":[{"start":{"line":59,"column":1},"end":{"line":61,"column":2}},{"start":{},"end":{}}],"line":59},"3":{"loc":{"start":{"line":74,"column":2},"end":{"line":76,"column":3}},"type":"if","locations":[{"start":{"line":74,"column":2},"end":{"line":76,"column":3}},{"start":{},"end":{}}],"line":74},"4":{"loc":{"start":{"line":91,"column":1},"end":{"line":93,"column":2}},"type":"if","locations":[{"start":{"line":91,"column":1},"end":{"line":93,"column":2}},{"start":{},"end":{}}],"line":91},"5":{"loc":{"start":{"line":110,"column":2},"end":{"line":110,"column":58}},"type":"binary-expr","locations":[{"start":{"line":110,"column":2},"end":{"line":110,"column":27}},{"start":{"line":110,"column":31},"end":{"line":110,"column":58}}],"line":110},"6":{"loc":{"start":{"line":116,"column":8},"end":{"line":116,"column":53}},"type":"binary-expr","locations":[{"start":{"line":116,"column":8},"end":{"line":116,"column":26}},{"start":{"line":116,"column":30},"end":{"line":116,"column":53}}],"line":116},"7":{"loc":{"start":{"line":123,"column":1},"end":{"line":125,"column":2}},"type":"if","locations":[{"start":{"line":123,"column":1},"end":{"line":125,"column":2}},{"start":{},"end":{}}],"line":123},"8":{"loc":{"start":{"line":133,"column":2},"end":{"line":135,"column":3}},"type":"if","locations":[{"start":{"line":133,"column":2},"end":{"line":135,"column":3}},{"start":{},"end":{}}],"line":133},"9":{"loc":{"start":{"line":137,"column":2},"end":{"line":139,"column":3}},"type":"if","locations":[{"start":{"line":137,"column":2},"end":{"line":139,"column":3}},{"start":{},"end":{}}],"line":137},"10":{"loc":{"start":{"line":152,"column":1},"end":{"line":154,"column":2}},"type":"if","locations":[{"start":{"line":152,"column":1},"end":{"line":154,"column":2}},{"start":{},"end":{}}],"line":152},"11":{"loc":{"start":{"line":152,"column":5},"end":{"line":152,"column":48}},"type":"binary-expr","locations":[{"start":{"line":152,"column":5},"end":{"line":152,"column":26}},{"start":{"line":152,"column":30},"end":{"line":152,"column":48}}],"line":152},"12":{"loc":{"start":{"line":173,"column":1},"end":{"line":175,"column":2}},"type":"if","locations":[{"start":{"line":173,"column":1},"end":{"line":175,"column":2}},{"start":{},"end":{}}],"line":173},"13":{"loc":{"start":{"line":179,"column":1},"end":{"line":181,"column":2}},"type":"if","locations":[{"start":{"line":179,"column":1},"end":{"line":181,"column":2}},{"start":{},"end":{}}],"line":179},"14":{"loc":{"start":{"line":194,"column":2},"end":{"line":199,"column":3}},"type":"if","locations":[{"start":{"line":194,"column":2},"end":{"line":199,"column":3}},{"start":{"line":197,"column":9},"end":{"line":199,"column":3}}],"line":194},"15":{"loc":{"start":{"line":207,"column":1},"end":{"line":209,"column":2}},"type":"if","locations":[{"start":{"line":207,"column":1},"end":{"line":209,"column":2}},{"start":{},"end":{}}],"line":207},"16":{"loc":{"start":{"line":222,"column":2},"end":{"line":226,"column":3}},"type":"if","locations":[{"start":{"line":222,"column":2},"end":{"line":226,"column":3}},{"start":{},"end":{}}],"line":222},"17":{"loc":{"start":{"line":222,"column":6},"end":{"line":222,"column":23}},"type":"binary-expr","locations":[{"start":{"line":222,"column":6},"end":{"line":222,"column":14}},{"start":{"line":222,"column":18},"end":{"line":222,"column":23}}],"line":222},"18":{"loc":{"start":{"line":232,"column":2},"end":{"line":234,"column":3}},"type":"if","locations":[{"start":{"line":232,"column":2},"end":{"line":234,"column":3}},{"start":{},"end":{}}],"line":232},"19":{"loc":{"start":{"line":255,"column":1},"end":{"line":257,"column":2}},"type":"if","locations":[{"start":{"line":255,"column":1},"end":{"line":257,"column":2}},{"start":{},"end":{}}],"line":255},"20":{"loc":{"start":{"line":265,"column":2},"end":{"line":267,"column":3}},"type":"if","locations":[{"start":{"line":265,"column":2},"end":{"line":267,"column":3}},{"start":{},"end":{}}],"line":265},"21":{"loc":{"start":{"line":273,"column":2},"end":{"line":277,"column":3}},"type":"if","locations":[{"start":{"line":273,"column":2},"end":{"line":277,"column":3}},{"start":{},"end":{}}],"line":273}},"s":{"0":6,"1":6,"2":6,"3":6,"4":6,"5":6,"6":6,"7":6,"8":5,"9":4,"10":1,"11":1,"12":2,"13":2,"14":6,"15":6,"16":6,"17":6,"18":1,"19":5,"20":5,"21":4,"22":2,"23":2,"24":1,"25":1,"26":6,"27":5,"28":5,"29":5,"30":5,"31":2,"32":3,"33":3,"34":2,"35":1,"36":1,"37":6,"38":9,"39":9,"40":7,"41":9,"42":6,"43":9,"44":9,"45":9,"46":1,"47":8,"48":8,"49":7,"50":2,"51":5,"52":2,"53":3,"54":1,"55":1,"56":6,"57":7,"58":7,"59":7,"60":4,"61":3,"62":3,"63":2,"64":1,"65":1,"66":6,"67":8,"68":8,"69":8,"70":1,"71":7,"72":7,"73":2,"74":5,"75":5,"76":2,"77":3,"78":3,"79":2,"80":1,"81":6,"82":10,"83":10,"84":10,"85":1,"86":9,"87":9,"88":8,"89":8,"90":4,"91":4,"92":3,"93":4,"94":2,"95":2,"96":2,"97":1,"98":1,"99":6,"100":9,"101":9,"102":9,"103":1,"104":8,"105":8,"106":7,"107":3,"108":4,"109":3,"110":4,"111":2,"112":2,"113":2,"114":1,"115":1,"116":6},"f":{"0":6,"1":6,"2":5,"3":9,"4":7,"5":9,"6":7,"7":8,"8":10,"9":3,"10":9,"11":3},"b":{"0":[5,1],"1":[6,1],"2":[1,5],"3":[2,2],"4":[2,3],"5":[9,6],"6":[9,5],"7":[1,8],"8":[2,5],"9":[2,3],"10":[4,3],"11":[7,5],"12":[1,7],"13":[2,5],"14":[2,1],"15":[1,9],"16":[4,4],"17":[8,5],"18":[2,2],"19":[1,8],"20":[3,4],"21":[2,2]},"_coverageSchema":"1a1c01bbd47fc00a2c39e90264f33305004495a9","hash":"01f84a7cd4bc25d21dcf54b1be8e094e809a3e0b"}
,"Z:\\Personal\\Proyectos\\newWeb\\ticksta\\back\\controllers\\Ticket.js": {"path":"Z:\\Personal\\Proyectos\\newWeb\\ticksta\\back\\controllers\\Ticket.js","statementMap":{"0":{"start":{"line":1,"column":25},"end":{"line":1,"column":50}},"1":{"start":{"line":2,"column":15},"end":{"line":2,"column":33}},"2":{"start":{"line":7,"column":4},"end":{"line":7,"column":43}},"3":{"start":{"line":9,"column":19},"end":{"line":43,"column":1}},"4":{"start":{"line":10,"column":30},"end":{"line":10,"column":42}},"5":{"start":{"line":12,"column":23},"end":{"line":15,"column":2}},"6":{"start":{"line":17,"column":1},"end":{"line":42,"column":2}},"7":{"start":{"line":18,"column":16},"end":{"line":18,"column":18}},"8":{"start":{"line":20,"column":2},"end":{"line":22,"column":3}},"9":{"start":{"line":21,"column":3},"end":{"line":21,"column":70}},"10":{"start":{"line":24,"column":2},"end":{"line":29,"column":3}},"11":{"start":{"line":25,"column":3},"end":{"line":28,"column":6}},"12":{"start":{"line":31,"column":2},"end":{"line":36,"column":3}},"13":{"start":{"line":32,"column":3},"end":{"line":35,"column":6}},"14":{"start":{"line":38,"column":2},"end":{"line":38,"column":20}},"15":{"start":{"line":40,"column":2},"end":{"line":40,"column":19}},"16":{"start":{"line":41,"column":2},"end":{"line":41,"column":45}},"17":{"start":{"line":45,"column":21},"end":{"line":85,"column":1}},"18":{"start":{"line":46,"column":14},"end":{"line":46,"column":22}},"19":{"start":{"line":47,"column":20},"end":{"line":47,"column":39}},"20":{"start":{"line":48,"column":26},"end":{"line":48,"column":58}},"21":{"start":{"line":50,"column":1},"end":{"line":52,"column":2}},"22":{"start":{"line":51,"column":2},"end":{"line":51,"column":59}},"23":{"start":{"line":54,"column":1},"end":{"line":84,"column":2}},"24":{"start":{"line":55,"column":18},"end":{"line":58,"column":4}},"25":{"start":{"line":60,"column":2},"end":{"line":62,"column":3}},"26":{"start":{"line":61,"column":3},"end":{"line":61,"column":68}},"27":{"start":{"line":64,"column":34},"end":{"line":66,"column":3}},"28":{"start":{"line":65,"column":21},"end":{"line":65,"column":51}},"29":{"start":{"line":68,"column":2},"end":{"line":70,"column":3}},"30":{"start":{"line":69,"column":3},"end":{"line":69,"column":58}},"31":{"start":{"line":72,"column":20},"end":{"line":78,"column":4}},"32":{"start":{"line":80,"column":2},"end":{"line":80,"column":34}},"33":{"start":{"line":82,"column":2},"end":{"line":82,"column":19}},"34":{"start":{"line":83,"column":2},"end":{"line":83,"column":45}},"35":{"start":{"line":88,"column":30},"end":{"line":97,"column":1}},"36":{"start":{"line":90,"column":2},"end":{"line":90,"column":58}},"37":{"start":{"line":92,"column":33},"end":{"line":94,"column":2}},"38":{"start":{"line":93,"column":20},"end":{"line":93,"column":51}},"39":{"start":{"line":96,"column":1},"end":{"line":96,"column":54}},"40":{"start":{"line":99,"column":22},"end":{"line":140,"column":1}},"41":{"start":{"line":100,"column":18},"end":{"line":100,"column":41}},"42":{"start":{"line":101,"column":1},"end":{"line":101,"column":29}},"43":{"start":{"line":103,"column":1},"end":{"line":105,"column":2}},"44":{"start":{"line":104,"column":2},"end":{"line":104,"column":59}},"45":{"start":{"line":107,"column":1},"end":{"line":139,"column":2}},"46":{"start":{"line":108,"column":17},"end":{"line":125,"column":4}},"47":{"start":{"line":127,"column":2},"end":{"line":129,"column":3}},"48":{"start":{"line":128,"column":3},"end":{"line":128,"column":66}},"49":{"start":{"line":131,"column":2},"end":{"line":133,"column":3}},"50":{"start":{"line":132,"column":3},"end":{"line":132,"column":58}},"51":{"start":{"line":135,"column":2},"end":{"line":135,"column":19}},"52":{"start":{"line":137,"column":2},"end":{"line":137,"column":19}},"53":{"start":{"line":138,"column":2},"end":{"line":138,"column":45}},"54":{"start":{"line":142,"column":25},"end":{"line":161,"column":1}},"55":{"start":{"line":143,"column":23},"end":{"line":143,"column":50}},"56":{"start":{"line":144,"column":1},"end":{"line":144,"column":29}},"57":{"start":{"line":146,"column":1},"end":{"line":148,"column":2}},"58":{"start":{"line":147,"column":2},"end":{"line":147,"column":56}},"59":{"start":{"line":150,"column":1},"end":{"line":160,"column":2}},"60":{"start":{"line":151,"column":18},"end":{"line":154,"column":4}},"61":{"start":{"line":156,"column":2},"end":{"line":156,"column":20}},"62":{"start":{"line":158,"column":2},"end":{"line":158,"column":19}},"63":{"start":{"line":159,"column":2},"end":{"line":159,"column":45}},"64":{"start":{"line":163,"column":21},"end":{"line":222,"column":1}},"65":{"start":{"line":164,"column":18},"end":{"line":164,"column":41}},"66":{"start":{"line":165,"column":14},"end":{"line":165,"column":22}},"67":{"start":{"line":166,"column":1},"end":{"line":166,"column":29}},"68":{"start":{"line":168,"column":26},"end":{"line":171,"column":2}},"69":{"start":{"line":173,"column":1},"end":{"line":175,"column":2}},"70":{"start":{"line":174,"column":2},"end":{"line":174,"column":56}},"71":{"start":{"line":177,"column":1},"end":{"line":179,"column":2}},"72":{"start":{"line":178,"column":2},"end":{"line":178,"column":59}},"73":{"start":{"line":181,"column":1},"end":{"line":221,"column":2}},"74":{"start":{"line":182,"column":17},"end":{"line":184,"column":4}},"75":{"start":{"line":186,"column":2},"end":{"line":191,"column":3}},"76":{"start":{"line":190,"column":3},"end":{"line":190,"column":58}},"77":{"start":{"line":193,"column":2},"end":{"line":195,"column":3}},"78":{"start":{"line":194,"column":3},"end":{"line":194,"column":66}},"79":{"start":{"line":197,"column":24},"end":{"line":215,"column":4}},"80":{"start":{"line":217,"column":2},"end":{"line":217,"column":26}},"81":{"start":{"line":219,"column":2},"end":{"line":219,"column":19}},"82":{"start":{"line":220,"column":2},"end":{"line":220,"column":45}},"83":{"start":{"line":224,"column":0},"end":{"line":231,"column":2}}},"fnMap":{"0":{"name":"(anonymous_0)","decl":{"start":{"line":9,"column":19},"end":{"line":9,"column":20}},"loc":{"start":{"line":9,"column":39},"end":{"line":43,"column":1}},"line":9},"1":{"name":"(anonymous_1)","decl":{"start":{"line":45,"column":21},"end":{"line":45,"column":22}},"loc":{"start":{"line":45,"column":41},"end":{"line":85,"column":1}},"line":45},"2":{"name":"(anonymous_2)","decl":{"start":{"line":65,"column":3},"end":{"line":65,"column":4}},"loc":{"start":{"line":65,"column":21},"end":{"line":65,"column":51}},"line":65},"3":{"name":"(anonymous_3)","decl":{"start":{"line":88,"column":30},"end":{"line":88,"column":31}},"loc":{"start":{"line":88,"column":48},"end":{"line":97,"column":1}},"line":88},"4":{"name":"(anonymous_4)","decl":{"start":{"line":93,"column":2},"end":{"line":93,"column":3}},"loc":{"start":{"line":93,"column":20},"end":{"line":93,"column":51}},"line":93},"5":{"name":"(anonymous_5)","decl":{"start":{"line":99,"column":22},"end":{"line":99,"column":23}},"loc":{"start":{"line":99,"column":42},"end":{"line":140,"column":1}},"line":99},"6":{"name":"(anonymous_6)","decl":{"start":{"line":142,"column":25},"end":{"line":142,"column":26}},"loc":{"start":{"line":142,"column":45},"end":{"line":161,"column":1}},"line":142},"7":{"name":"(anonymous_7)","decl":{"start":{"line":163,"column":21},"end":{"line":163,"column":22}},"loc":{"start":{"line":163,"column":41},"end":{"line":222,"column":1}},"line":163}},"branchMap":{"0":{"loc":{"start":{"line":20,"column":2},"end":{"line":22,"column":3}},"type":"if","locations":[{"start":{"line":20,"column":2},"end":{"line":22,"column":3}},{"start":{},"end":{}}],"line":20},"1":{"loc":{"start":{"line":20,"column":6},"end":{"line":20,"column":52}},"type":"binary-expr","locations":[{"start":{"line":20,"column":6},"end":{"line":20,"column":26}},{"start":{"line":20,"column":30},"end":{"line":20,"column":52}}],"line":20},"2":{"loc":{"start":{"line":24,"column":2},"end":{"line":29,"column":3}},"type":"if","locations":[{"start":{"line":24,"column":2},"end":{"line":29,"column":3}},{"start":{},"end":{}}],"line":24},"3":{"loc":{"start":{"line":31,"column":2},"end":{"line":36,"column":3}},"type":"if","locations":[{"start":{"line":31,"column":2},"end":{"line":36,"column":3}},{"start":{},"end":{}}],"line":31},"4":{"loc":{"start":{"line":50,"column":1},"end":{"line":52,"column":2}},"type":"if","locations":[{"start":{"line":50,"column":1},"end":{"line":52,"column":2}},{"start":{},"end":{}}],"line":50},"5":{"loc":{"start":{"line":60,"column":2},"end":{"line":62,"column":3}},"type":"if","locations":[{"start":{"line":60,"column":2},"end":{"line":62,"column":3}},{"start":{},"end":{}}],"line":60},"6":{"loc":{"start":{"line":68,"column":2},"end":{"line":70,"column":3}},"type":"if","locations":[{"start":{"line":68,"column":2},"end":{"line":70,"column":3}},{"start":{},"end":{}}],"line":68},"7":{"loc":{"start":{"line":90,"column":2},"end":{"line":90,"column":58}},"type":"binary-expr","locations":[{"start":{"line":90,"column":2},"end":{"line":90,"column":27}},{"start":{"line":90,"column":31},"end":{"line":90,"column":58}}],"line":90},"8":{"loc":{"start":{"line":96,"column":8},"end":{"line":96,"column":53}},"type":"binary-expr","locations":[{"start":{"line":96,"column":8},"end":{"line":96,"column":26}},{"start":{"line":96,"column":30},"end":{"line":96,"column":53}}],"line":96},"9":{"loc":{"start":{"line":103,"column":1},"end":{"line":105,"column":2}},"type":"if","locations":[{"start":{"line":103,"column":1},"end":{"line":105,"column":2}},{"start":{},"end":{}}],"line":103},"10":{"loc":{"start":{"line":127,"column":2},"end":{"line":129,"column":3}},"type":"if","locations":[{"start":{"line":127,"column":2},"end":{"line":129,"column":3}},{"start":{},"end":{}}],"line":127},"11":{"loc":{"start":{"line":131,"column":2},"end":{"line":133,"column":3}},"type":"if","locations":[{"start":{"line":131,"column":2},"end":{"line":133,"column":3}},{"start":{},"end":{}}],"line":131},"12":{"loc":{"start":{"line":146,"column":1},"end":{"line":148,"column":2}},"type":"if","locations":[{"start":{"line":146,"column":1},"end":{"line":148,"column":2}},{"start":{},"end":{}}],"line":146},"13":{"loc":{"start":{"line":146,"column":5},"end":{"line":146,"column":46}},"type":"binary-expr","locations":[{"start":{"line":146,"column":5},"end":{"line":146,"column":25}},{"start":{"line":146,"column":29},"end":{"line":146,"column":46}}],"line":146},"14":{"loc":{"start":{"line":173,"column":1},"end":{"line":175,"column":2}},"type":"if","locations":[{"start":{"line":173,"column":1},"end":{"line":175,"column":2}},{"start":{},"end":{}}],"line":173},"15":{"loc":{"start":{"line":177,"column":1},"end":{"line":179,"column":2}},"type":"if","locations":[{"start":{"line":177,"column":1},"end":{"line":179,"column":2}},{"start":{},"end":{}}],"line":177},"16":{"loc":{"start":{"line":186,"column":2},"end":{"line":191,"column":3}},"type":"if","locations":[{"start":{"line":186,"column":2},"end":{"line":191,"column":3}},{"start":{},"end":{}}],"line":186},"17":{"loc":{"start":{"line":187,"column":3},"end":{"line":188,"column":46}},"type":"binary-expr","locations":[{"start":{"line":187,"column":3},"end":{"line":187,"column":34}},{"start":{"line":188,"column":3},"end":{"line":188,"column":46}}],"line":187},"18":{"loc":{"start":{"line":193,"column":2},"end":{"line":195,"column":3}},"type":"if","locations":[{"start":{"line":193,"column":2},"end":{"line":195,"column":3}},{"start":{},"end":{}}],"line":193}},"s":{"0":6,"1":6,"2":6,"3":6,"4":6,"5":6,"6":6,"7":6,"8":6,"9":4,"10":5,"11":1,"12":5,"13":1,"14":5,"15":1,"16":1,"17":6,"18":8,"19":8,"20":8,"21":8,"22":2,"23":6,"24":6,"25":6,"26":2,"27":4,"28":5,"29":4,"30":1,"31":3,"32":2,"33":1,"34":1,"35":6,"36":7,"37":7,"38":8,"39":7,"40":6,"41":8,"42":8,"43":8,"44":2,"45":6,"46":6,"47":5,"48":2,"49":3,"50":1,"51":2,"52":1,"53":1,"54":6,"55":7,"56":7,"57":7,"58":4,"59":3,"60":3,"61":2,"62":1,"63":1,"64":6,"65":10,"66":10,"67":10,"68":10,"69":10,"70":2,"71":8,"72":2,"73":6,"74":6,"75":5,"76":1,"77":4,"78":2,"79":2,"80":2,"81":1,"82":1,"83":6},"f":{"0":6,"1":8,"2":5,"3":7,"4":8,"5":8,"6":7,"7":10},"b":{"0":[4,2],"1":[6,3],"2":[1,4],"3":[1,4],"4":[2,6],"5":[2,4],"6":[1,3],"7":[7,4],"8":[7,3],"9":[2,6],"10":[2,3],"11":[1,2],"12":[4,3],"13":[7,5],"14":[2,8],"15":[2,6],"16":[1,4],"17":[5,1],"18":[2,2]},"_coverageSchema":"1a1c01bbd47fc00a2c39e90264f33305004495a9","hash":"301963f2445fd82c6b7215aff84c1c57f8340c4a"}
,"Z:\\Personal\\Proyectos\\newWeb\\ticksta\\back\\controllers\\TicketMessage.js": {"path":"Z:\\Personal\\Proyectos\\newWeb\\ticksta\\back\\controllers\\TicketMessage.js","statementMap":{"0":{"start":{"line":1,"column":25},"end":{"line":1,"column":50}},"1":{"start":{"line":2,"column":15},"end":{"line":2,"column":33}},"2":{"start":{"line":6,"column":4},"end":{"line":6,"column":43}},"3":{"start":{"line":9,"column":33},"end":{"line":18,"column":1}},"4":{"start":{"line":11,"column":2},"end":{"line":11,"column":58}},"5":{"start":{"line":13,"column":27},"end":{"line":13,"column":58}},"6":{"start":{"line":15,"column":32},"end":{"line":15,"column":67}},"7":{"start":{"line":17,"column":1},"end":{"line":17,"column":74}},"8":{"start":{"line":20,"column":28},"end":{"line":63,"column":1}},"9":{"start":{"line":21,"column":14},"end":{"line":21,"column":22}},"10":{"start":{"line":23,"column":1},"end":{"line":25,"column":2}},"11":{"start":{"line":24,"column":2},"end":{"line":24,"column":42}},"12":{"start":{"line":27,"column":22},"end":{"line":27,"column":34}},"13":{"start":{"line":29,"column":26},"end":{"line":29,"column":65}},"14":{"start":{"line":31,"column":1},"end":{"line":33,"column":2}},"15":{"start":{"line":32,"column":2},"end":{"line":32,"column":59}},"16":{"start":{"line":35,"column":1},"end":{"line":62,"column":2}},"17":{"start":{"line":36,"column":17},"end":{"line":38,"column":4}},"18":{"start":{"line":40,"column":2},"end":{"line":42,"column":3}},"19":{"start":{"line":41,"column":3},"end":{"line":41,"column":59}},"20":{"start":{"line":44,"column":2},"end":{"line":46,"column":3}},"21":{"start":{"line":45,"column":3},"end":{"line":45,"column":58}},"22":{"start":{"line":48,"column":21},"end":{"line":56,"column":4}},"23":{"start":{"line":58,"column":2},"end":{"line":58,"column":35}},"24":{"start":{"line":60,"column":2},"end":{"line":60,"column":19}},"25":{"start":{"line":61,"column":2},"end":{"line":61,"column":45}},"26":{"start":{"line":65,"column":32},"end":{"line":88,"column":1}},"27":{"start":{"line":66,"column":24},"end":{"line":66,"column":51}},"28":{"start":{"line":67,"column":1},"end":{"line":67,"column":29}},"29":{"start":{"line":69,"column":1},"end":{"line":71,"column":2}},"30":{"start":{"line":70,"column":2},"end":{"line":70,"column":56}},"31":{"start":{"line":73,"column":1},"end":{"line":87,"column":2}},"32":{"start":{"line":74,"column":19},"end":{"line":81,"column":4}},"33":{"start":{"line":83,"column":2},"end":{"line":83,"column":21}},"34":{"start":{"line":85,"column":2},"end":{"line":85,"column":19}},"35":{"start":{"line":86,"column":2},"end":{"line":86,"column":45}},"36":{"start":{"line":90,"column":0},"end":{"line":94,"column":2}}},"fnMap":{"0":{"name":"(anonymous_0)","decl":{"start":{"line":9,"column":33},"end":{"line":9,"column":34}},"loc":{"start":{"line":9,"column":51},"end":{"line":18,"column":1}},"line":9},"1":{"name":"(anonymous_1)","decl":{"start":{"line":20,"column":28},"end":{"line":20,"column":29}},"loc":{"start":{"line":20,"column":48},"end":{"line":63,"column":1}},"line":20},"2":{"name":"(anonymous_2)","decl":{"start":{"line":65,"column":32},"end":{"line":65,"column":33}},"loc":{"start":{"line":65,"column":52},"end":{"line":88,"column":1}},"line":65}},"branchMap":{"0":{"loc":{"start":{"line":11,"column":2},"end":{"line":11,"column":58}},"type":"binary-expr","locations":[{"start":{"line":11,"column":2},"end":{"line":11,"column":27}},{"start":{"line":11,"column":31},"end":{"line":11,"column":58}}],"line":11},"1":{"loc":{"start":{"line":17,"column":8},"end":{"line":17,"column":73}},"type":"binary-expr","locations":[{"start":{"line":17,"column":8},"end":{"line":17,"column":26}},{"start":{"line":17,"column":30},"end":{"line":17,"column":47}},{"start":{"line":17,"column":51},"end":{"line":17,"column":73}}],"line":17},"2":{"loc":{"start":{"line":23,"column":1},"end":{"line":25,"column":2}},"type":"if","locations":[{"start":{"line":23,"column":1},"end":{"line":25,"column":2}},{"start":{},"end":{}}],"line":23},"3":{"loc":{"start":{"line":31,"column":1},"end":{"line":33,"column":2}},"type":"if","locations":[{"start":{"line":31,"column":1},"end":{"line":33,"column":2}},{"start":{},"end":{}}],"line":31},"4":{"loc":{"start":{"line":40,"column":2},"end":{"line":42,"column":3}},"type":"if","locations":[{"start":{"line":40,"column":2},"end":{"line":42,"column":3}},{"start":{},"end":{}}],"line":40},"5":{"loc":{"start":{"line":44,"column":2},"end":{"line":46,"column":3}},"type":"if","locations":[{"start":{"line":44,"column":2},"end":{"line":46,"column":3}},{"start":{},"end":{}}],"line":44},"6":{"loc":{"start":{"line":69,"column":1},"end":{"line":71,"column":2}},"type":"if","locations":[{"start":{"line":69,"column":1},"end":{"line":71,"column":2}},{"start":{},"end":{}}],"line":69}},"s":{"0":6,"1":6,"2":6,"3":6,"4":10,"5":10,"6":10,"7":10,"8":6,"9":9,"10":9,"11":9,"12":9,"13":9,"14":9,"15":2,"16":7,"17":7,"18":7,"19":2,"20":5,"21":2,"22":3,"23":2,"24":1,"25":1,"26":6,"27":6,"28":6,"29":6,"30":2,"31":4,"32":4,"33":3,"34":1,"35":1,"36":6},"f":{"0":10,"1":9,"2":6},"b":{"0":[10,9],"1":[10,5,4],"2":[9,0],"3":[2,7],"4":[2,5],"5":[2,3],"6":[2,4]},"_coverageSchema":"1a1c01bbd47fc00a2c39e90264f33305004495a9","hash":"663b433216fead9e2c20a25afa354d05d71ec762"}
,"Z:\\Personal\\Proyectos\\newWeb\\ticksta\\back\\controllers\\User.js": {"path":"Z:\\Personal\\Proyectos\\newWeb\\ticksta\\back\\controllers\\User.js","statementMap":{"0":{"start":{"line":1,"column":25},"end":{"line":1,"column":50}},"1":{"start":{"line":2,"column":15},"end":{"line":2,"column":32}},"2":{"start":{"line":3,"column":15},"end":{"line":3,"column":33}},"3":{"start":{"line":4,"column":19},"end":{"line":4,"column":21}},"4":{"start":{"line":9,"column":4},"end":{"line":9,"column":43}},"5":{"start":{"line":11,"column":17},"end":{"line":21,"column":1}},"6":{"start":{"line":12,"column":1},"end":{"line":20,"column":2}},"7":{"start":{"line":13,"column":14},"end":{"line":13,"column":44}},"8":{"start":{"line":14,"column":2},"end":{"line":14,"column":51}},"9":{"start":{"line":14,"column":22},"end":{"line":14,"column":49}},"10":{"start":{"line":16,"column":2},"end":{"line":16,"column":18}},"11":{"start":{"line":18,"column":2},"end":{"line":18,"column":27}},"12":{"start":{"line":19,"column":2},"end":{"line":19,"column":45}},"13":{"start":{"line":23,"column":27},"end":{"line":37,"column":1}},"14":{"start":{"line":24,"column":1},"end":{"line":36,"column":2}},"15":{"start":{"line":25,"column":14},"end":{"line":29,"column":4}},"16":{"start":{"line":30,"column":2},"end":{"line":30,"column":51}},"17":{"start":{"line":30,"column":22},"end":{"line":30,"column":49}},"18":{"start":{"line":32,"column":2},"end":{"line":32,"column":18}},"19":{"start":{"line":34,"column":2},"end":{"line":34,"column":27}},"20":{"start":{"line":35,"column":2},"end":{"line":35,"column":45}},"21":{"start":{"line":39,"column":19},"end":{"line":62,"column":1}},"22":{"start":{"line":40,"column":14},"end":{"line":40,"column":22}},"23":{"start":{"line":42,"column":26},"end":{"line":42,"column":56}},"24":{"start":{"line":44,"column":1},"end":{"line":46,"column":2}},"25":{"start":{"line":45,"column":2},"end":{"line":45,"column":59}},"26":{"start":{"line":48,"column":24},"end":{"line":48,"column":68}},"27":{"start":{"line":49,"column":1},"end":{"line":49,"column":32}},"28":{"start":{"line":51,"column":1},"end":{"line":61,"column":2}},"29":{"start":{"line":52,"column":16},"end":{"line":54,"column":4}},"30":{"start":{"line":56,"column":2},"end":{"line":56,"column":43}},"31":{"start":{"line":57,"column":2},"end":{"line":57,"column":32}},"32":{"start":{"line":59,"column":2},"end":{"line":59,"column":19}},"33":{"start":{"line":60,"column":2},"end":{"line":60,"column":45}},"34":{"start":{"line":64,"column":19},"end":{"line":90,"column":1}},"35":{"start":{"line":65,"column":14},"end":{"line":65,"column":22}},"36":{"start":{"line":66,"column":16},"end":{"line":66,"column":39}},"37":{"start":{"line":68,"column":1},"end":{"line":70,"column":2}},"38":{"start":{"line":69,"column":2},"end":{"line":69,"column":59}},"39":{"start":{"line":72,"column":26},"end":{"line":72,"column":54}},"40":{"start":{"line":74,"column":1},"end":{"line":76,"column":2}},"41":{"start":{"line":75,"column":2},"end":{"line":75,"column":59}},"42":{"start":{"line":78,"column":1},"end":{"line":89,"column":2}},"43":{"start":{"line":79,"column":20},"end":{"line":82,"column":4}},"44":{"start":{"line":84,"column":2},"end":{"line":84,"column":51}},"45":{"start":{"line":85,"column":2},"end":{"line":85,"column":24}},"46":{"start":{"line":87,"column":2},"end":{"line":87,"column":19}},"47":{"start":{"line":88,"column":2},"end":{"line":88,"column":45}},"48":{"start":{"line":92,"column":20},"end":{"line":112,"column":1}},"49":{"start":{"line":93,"column":16},"end":{"line":93,"column":39}},"50":{"start":{"line":95,"column":1},"end":{"line":97,"column":2}},"51":{"start":{"line":96,"column":2},"end":{"line":96,"column":59}},"52":{"start":{"line":99,"column":1},"end":{"line":111,"column":2}},"53":{"start":{"line":100,"column":13},"end":{"line":100,"column":68}},"54":{"start":{"line":102,"column":2},"end":{"line":104,"column":3}},"55":{"start":{"line":103,"column":3},"end":{"line":103,"column":67}},"56":{"start":{"line":106,"column":2},"end":{"line":106,"column":37}},"57":{"start":{"line":107,"column":2},"end":{"line":107,"column":17}},"58":{"start":{"line":109,"column":2},"end":{"line":109,"column":19}},"59":{"start":{"line":110,"column":2},"end":{"line":110,"column":45}},"60":{"start":{"line":114,"column":23},"end":{"line":130,"column":1}},"61":{"start":{"line":115,"column":19},"end":{"line":115,"column":39}},"62":{"start":{"line":116,"column":1},"end":{"line":129,"column":2}},"63":{"start":{"line":117,"column":13},"end":{"line":117,"column":74}},"64":{"start":{"line":119,"column":2},"end":{"line":121,"column":3}},"65":{"start":{"line":120,"column":3},"end":{"line":120,"column":67}},"66":{"start":{"line":123,"column":2},"end":{"line":123,"column":37}},"67":{"start":{"line":125,"column":2},"end":{"line":125,"column":17}},"68":{"start":{"line":127,"column":2},"end":{"line":127,"column":19}},"69":{"start":{"line":128,"column":2},"end":{"line":128,"column":45}},"70":{"start":{"line":132,"column":30},"end":{"line":136,"column":1}},"71":{"start":{"line":133,"column":1},"end":{"line":133,"column":26}},"72":{"start":{"line":135,"column":1},"end":{"line":135,"column":17}},"73":{"start":{"line":138,"column":0},"end":{"line":145,"column":2}}},"fnMap":{"0":{"name":"(anonymous_0)","decl":{"start":{"line":11,"column":17},"end":{"line":11,"column":18}},"loc":{"start":{"line":11,"column":37},"end":{"line":21,"column":1}},"line":11},"1":{"name":"(anonymous_1)","decl":{"start":{"line":14,"column":12},"end":{"line":14,"column":13}},"loc":{"start":{"line":14,"column":22},"end":{"line":14,"column":49}},"line":14},"2":{"name":"(anonymous_2)","decl":{"start":{"line":23,"column":27},"end":{"line":23,"column":28}},"loc":{"start":{"line":23,"column":47},"end":{"line":37,"column":1}},"line":23},"3":{"name":"(anonymous_3)","decl":{"start":{"line":30,"column":12},"end":{"line":30,"column":13}},"loc":{"start":{"line":30,"column":22},"end":{"line":30,"column":49}},"line":30},"4":{"name":"(anonymous_4)","decl":{"start":{"line":39,"column":19},"end":{"line":39,"column":20}},"loc":{"start":{"line":39,"column":39},"end":{"line":62,"column":1}},"line":39},"5":{"name":"(anonymous_5)","decl":{"start":{"line":64,"column":19},"end":{"line":64,"column":20}},"loc":{"start":{"line":64,"column":39},"end":{"line":90,"column":1}},"line":64},"6":{"name":"(anonymous_6)","decl":{"start":{"line":92,"column":20},"end":{"line":92,"column":21}},"loc":{"start":{"line":92,"column":40},"end":{"line":112,"column":1}},"line":92},"7":{"name":"(anonymous_7)","decl":{"start":{"line":114,"column":23},"end":{"line":114,"column":24}},"loc":{"start":{"line":114,"column":43},"end":{"line":130,"column":1}},"line":114},"8":{"name":"(anonymous_8)","decl":{"start":{"line":132,"column":30},"end":{"line":132,"column":31}},"loc":{"start":{"line":132,"column":44},"end":{"line":136,"column":1}},"line":132}},"branchMap":{"0":{"loc":{"start":{"line":44,"column":1},"end":{"line":46,"column":2}},"type":"if","locations":[{"start":{"line":44,"column":1},"end":{"line":46,"column":2}},{"start":{},"end":{}}],"line":44},"1":{"loc":{"start":{"line":68,"column":1},"end":{"line":70,"column":2}},"type":"if","locations":[{"start":{"line":68,"column":1},"end":{"line":70,"column":2}},{"start":{},"end":{}}],"line":68},"2":{"loc":{"start":{"line":74,"column":1},"end":{"line":76,"column":2}},"type":"if","locations":[{"start":{"line":74,"column":1},"end":{"line":76,"column":2}},{"start":{},"end":{}}],"line":74},"3":{"loc":{"start":{"line":95,"column":1},"end":{"line":97,"column":2}},"type":"if","locations":[{"start":{"line":95,"column":1},"end":{"line":97,"column":2}},{"start":{},"end":{}}],"line":95},"4":{"loc":{"start":{"line":102,"column":2},"end":{"line":104,"column":3}},"type":"if","locations":[{"start":{"line":102,"column":2},"end":{"line":104,"column":3}},{"start":{},"end":{}}],"line":102},"5":{"loc":{"start":{"line":119,"column":2},"end":{"line":121,"column":3}},"type":"if","locations":[{"start":{"line":119,"column":2},"end":{"line":121,"column":3}},{"start":{},"end":{}}],"line":119}},"s":{"0":6,"1":6,"2":6,"3":6,"4":6,"5":6,"6":4,"7":4,"8":3,"9":6,"10":3,"11":1,"12":1,"13":6,"14":4,"15":4,"16":3,"17":5,"18":3,"19":1,"20":1,"21":6,"22":6,"23":6,"24":6,"25":2,"26":4,"27":4,"28":4,"29":4,"30":3,"31":3,"32":1,"33":1,"34":6,"35":8,"36":8,"37":8,"38":2,"39":6,"40":6,"41":2,"42":4,"43":4,"44":3,"45":3,"46":1,"47":1,"48":6,"49":8,"50":8,"51":2,"52":6,"53":6,"54":5,"55":2,"56":3,"57":3,"58":1,"59":1,"60":6,"61":4,"62":4,"63":4,"64":3,"65":1,"66":2,"67":2,"68":1,"69":1,"70":6,"71":22,"72":22,"73":6},"f":{"0":4,"1":6,"2":4,"3":5,"4":6,"5":8,"6":8,"7":4,"8":22},"b":{"0":[2,4],"1":[2,6],"2":[2,4],"3":[2,6],"4":[2,3],"5":[1,2]},"_coverageSchema":"1a1c01bbd47fc00a2c39e90264f33305004495a9","hash":"19df60758e136f17cf08a80a29e02ae44bd84f9b"}
,"Z:\\Personal\\Proyectos\\newWeb\\ticksta\\back\\middleware\\authMiddleware.js": {"path":"Z:\\Personal\\Proyectos\\newWeb\\ticksta\\back\\middleware\\authMiddleware.js","statementMap":{"0":{"start":{"line":1,"column":12},"end":{"line":1,"column":35}},"1":{"start":{"line":3,"column":22},"end":{"line":25,"column":1}},"2":{"start":{"line":4,"column":29},"end":{"line":4,"column":57}},"3":{"start":{"line":5,"column":15},"end":{"line":5,"column":77}},"4":{"start":{"line":7,"column":1},"end":{"line":9,"column":2}},"5":{"start":{"line":8,"column":2},"end":{"line":8,"column":69}},"6":{"start":{"line":11,"column":1},"end":{"line":24,"column":2}},"7":{"start":{"line":12,"column":23},"end":{"line":12,"column":72}},"8":{"start":{"line":14,"column":2},"end":{"line":14,"column":30}},"9":{"start":{"line":15,"column":2},"end":{"line":15,"column":9}},"10":{"start":{"line":17,"column":2},"end":{"line":17,"column":40}},"11":{"start":{"line":19,"column":2},"end":{"line":21,"column":3}},"12":{"start":{"line":20,"column":3},"end":{"line":20,"column":53}},"13":{"start":{"line":23,"column":2},"end":{"line":23,"column":45}},"14":{"start":{"line":28,"column":24},"end":{"line":40,"column":2}},"15":{"start":{"line":29,"column":19},"end":{"line":29,"column":40}},"16":{"start":{"line":31,"column":2},"end":{"line":33,"column":3}},"17":{"start":{"line":32,"column":3},"end":{"line":32,"column":17}},"18":{"start":{"line":35,"column":2},"end":{"line":37,"column":3}},"19":{"start":{"line":36,"column":3},"end":{"line":36,"column":17}},"20":{"start":{"line":39,"column":2},"end":{"line":39,"column":57}},"21":{"start":{"line":42,"column":1},"end":{"line":42,"column":23}},"22":{"start":{"line":45,"column":0},"end":{"line":45,"column":50}}},"fnMap":{"0":{"name":"(anonymous_0)","decl":{"start":{"line":3,"column":22},"end":{"line":3,"column":23}},"loc":{"start":{"line":3,"column":48},"end":{"line":25,"column":1}},"line":3},"1":{"name":"authorizeRole","decl":{"start":{"line":27,"column":9},"end":{"line":27,"column":22}},"loc":{"start":{"line":27,"column":38},"end":{"line":43,"column":1}},"line":27},"2":{"name":"(anonymous_2)","decl":{"start":{"line":28,"column":24},"end":{"line":28,"column":25}},"loc":{"start":{"line":28,"column":44},"end":{"line":40,"column":2}},"line":28}},"branchMap":{"0":{"loc":{"start":{"line":5,"column":15},"end":{"line":5,"column":77}},"type":"cond-expr","locations":[{"start":{"line":5,"column":37},"end":{"line":5,"column":70}},{"start":{"line":5,"column":73},"end":{"line":5,"column":77}}],"line":5},"1":{"loc":{"start":{"line":7,"column":1},"end":{"line":9,"column":2}},"type":"if","locations":[{"start":{"line":7,"column":1},"end":{"line":9,"column":2}},{"start":{},"end":{}}],"line":7},"2":{"loc":{"start":{"line":19,"column":2},"end":{"line":21,"column":3}},"type":"if","locations":[{"start":{"line":19,"column":2},"end":{"line":21,"column":3}},{"start":{},"end":{}}],"line":19},"3":{"loc":{"start":{"line":31,"column":2},"end":{"line":33,"column":3}},"type":"if","locations":[{"start":{"line":31,"column":2},"end":{"line":33,"column":3}},{"start":{},"end":{}}],"line":31},"4":{"loc":{"start":{"line":31,"column":6},"end":{"line":31,"column":69}},"type":"binary-expr","locations":[{"start":{"line":31,"column":6},"end":{"line":31,"column":39}},{"start":{"line":31,"column":43},"end":{"line":31,"column":69}}],"line":31},"5":{"loc":{"start":{"line":35,"column":2},"end":{"line":37,"column":3}},"type":"if","locations":[{"start":{"line":35,"column":2},"end":{"line":37,"column":3}},{"start":{},"end":{}}],"line":35},"6":{"loc":{"start":{"line":35,"column":6},"end":{"line":35,"column":72}},"type":"binary-expr","locations":[{"start":{"line":35,"column":6},"end":{"line":35,"column":36}},{"start":{"line":35,"column":40},"end":{"line":35,"column":72}}],"line":35}},"s":{"0":6,"1":6,"2":81,"3":81,"4":81,"5":15,"6":66,"7":66,"8":64,"9":64,"10":2,"11":2,"12":1,"13":1,"14":74,"15":54,"16":54,"17":15,"18":39,"19":25,"20":14,"21":74,"22":6},"f":{"0":81,"1":74,"2":54},"b":{"0":[66,15],"1":[15,66],"2":[1,1],"3":[15,39],"4":[54,21],"5":[25,14],"6":[39,33]},"_coverageSchema":"1a1c01bbd47fc00a2c39e90264f33305004495a9","hash":"71f4c8b1464dbdfe31fa0f67c60db6a2cbd076f3"}
,"Z:\\Personal\\Proyectos\\newWeb\\ticksta\\back\\routes\\Auth.js": {"path":"Z:\\Personal\\Proyectos\\newWeb\\ticksta\\back\\routes\\Auth.js","statementMap":{"0":{"start":{"line":1,"column":16},"end":{"line":1,"column":34}},"1":{"start":{"line":2,"column":15},"end":{"line":2,"column":31}},"2":{"start":{"line":4,"column":37},"end":{"line":4,"column":67}},"3":{"start":{"line":5,"column":26},"end":{"line":5,"column":65}},"4":{"start":{"line":7,"column":0},"end":{"line":7,"column":29}},"5":{"start":{"line":8,"column":0},"end":{"line":8,"column":60}},"6":{"start":{"line":10,"column":0},"end":{"line":10,"column":24}}},"fnMap":{},"branchMap":{},"s":{"0":5,"1":5,"2":5,"3":5,"4":5,"5":5,"6":5},"f":{},"b":{},"_coverageSchema":"1a1c01bbd47fc00a2c39e90264f33305004495a9","hash":"2ffc20ce07a34d03c1c6e7fc5f22fb8a17a71e72"}
,"Z:\\Personal\\Proyectos\\newWeb\\ticksta\\back\\routes\\Project.js": {"path":"Z:\\Personal\\Proyectos\\newWeb\\ticksta\\back\\routes\\Project.js","statementMap":{"0":{"start":{"line":1,"column":16},"end":{"line":1,"column":34}},"1":{"start":{"line":2,"column":15},"end":{"line":2,"column":31}},"2":{"start":{"line":12,"column":4},"end":{"line":12,"column":37}},"3":{"start":{"line":13,"column":26},"end":{"line":13,"column":65}},"4":{"start":{"line":15,"column":0},"end":{"line":15,"column":29}},"5":{"start":{"line":16,"column":0},"end":{"line":16,"column":58}},"6":{"start":{"line":18,"column":0},"end":{"line":18,"column":35}},"7":{"start":{"line":19,"column":0},"end":{"line":19,"column":73}},"8":{"start":{"line":21,"column":0},"end":{"line":25,"column":2}},"9":{"start":{"line":27,"column":0},"end":{"line":31,"column":2}},"10":{"start":{"line":33,"column":0},"end":{"line":33,"column":77}},"11":{"start":{"line":35,"column":0},"end":{"line":39,"column":2}},"12":{"start":{"line":41,"column":0},"end":{"line":41,"column":24}}},"fnMap":{},"branchMap":{},"s":{"0":5,"1":5,"2":5,"3":5,"4":5,"5":5,"6":5,"7":5,"8":5,"9":5,"10":5,"11":5,"12":5},"f":{},"b":{},"_coverageSchema":"1a1c01bbd47fc00a2c39e90264f33305004495a9","hash":"32d0913dab3d2d72589c522657b0ff989d6d49ed"}
,"Z:\\Personal\\Proyectos\\newWeb\\ticksta\\back\\routes\\Ticket.js": {"path":"Z:\\Personal\\Proyectos\\newWeb\\ticksta\\back\\routes\\Ticket.js","statementMap":{"0":{"start":{"line":1,"column":16},"end":{"line":1,"column":34}},"1":{"start":{"line":2,"column":15},"end":{"line":2,"column":31}},"2":{"start":{"line":9,"column":4},"end":{"line":9,"column":36}},"3":{"start":{"line":10,"column":26},"end":{"line":10,"column":65}},"4":{"start":{"line":12,"column":0},"end":{"line":12,"column":28}},"5":{"start":{"line":13,"column":0},"end":{"line":13,"column":54}},"6":{"start":{"line":15,"column":0},"end":{"line":15,"column":34}},"7":{"start":{"line":16,"column":0},"end":{"line":16,"column":79}},"8":{"start":{"line":18,"column":0},"end":{"line":22,"column":2}},"9":{"start":{"line":24,"column":0},"end":{"line":24,"column":24}}},"fnMap":{},"branchMap":{},"s":{"0":5,"1":5,"2":5,"3":5,"4":5,"5":5,"6":5,"7":5,"8":5,"9":5},"f":{},"b":{},"_coverageSchema":"1a1c01bbd47fc00a2c39e90264f33305004495a9","hash":"f87911967855d5c60680fb80fdaf9f271adda137"}
,"Z:\\Personal\\Proyectos\\newWeb\\ticksta\\back\\routes\\TicketMessage.js": {"path":"Z:\\Personal\\Proyectos\\newWeb\\ticksta\\back\\routes\\TicketMessage.js","statementMap":{"0":{"start":{"line":1,"column":16},"end":{"line":1,"column":34}},"1":{"start":{"line":2,"column":15},"end":{"line":2,"column":31}},"2":{"start":{"line":6,"column":4},"end":{"line":6,"column":43}},"3":{"start":{"line":7,"column":26},"end":{"line":7,"column":65}},"4":{"start":{"line":9,"column":0},"end":{"line":9,"column":38}},"5":{"start":{"line":11,"column":0},"end":{"line":11,"column":79}},"6":{"start":{"line":13,"column":0},"end":{"line":13,"column":24}}},"fnMap":{},"branchMap":{},"s":{"0":5,"1":5,"2":5,"3":5,"4":5,"5":5,"6":5},"f":{},"b":{},"_coverageSchema":"1a1c01bbd47fc00a2c39e90264f33305004495a9","hash":"54337aa0cb2af53185f06d25016656750de9ca91"}
,"Z:\\Personal\\Proyectos\\newWeb\\ticksta\\back\\routes\\User.js": {"path":"Z:\\Personal\\Proyectos\\newWeb\\ticksta\\back\\routes\\User.js","statementMap":{"0":{"start":{"line":1,"column":16},"end":{"line":1,"column":34}},"1":{"start":{"line":2,"column":15},"end":{"line":2,"column":31}},"2":{"start":{"line":9,"column":4},"end":{"line":9,"column":34}},"3":{"start":{"line":13,"column":4},"end":{"line":13,"column":43}},"4":{"start":{"line":15,"column":0},"end":{"line":20,"column":2}},"5":{"start":{"line":22,"column":0},"end":{"line":22,"column":78}},"6":{"start":{"line":23,"column":0},"end":{"line":23,"column":29}},"7":{"start":{"line":25,"column":0},"end":{"line":25,"column":71}},"8":{"start":{"line":26,"column":0},"end":{"line":26,"column":72}},"9":{"start":{"line":28,"column":0},"end":{"line":28,"column":24}}},"fnMap":{},"branchMap":{},"s":{"0":5,"1":5,"2":5,"3":5,"4":5,"5":5,"6":5,"7":5,"8":5,"9":5},"f":{},"b":{},"_coverageSchema":"1a1c01bbd47fc00a2c39e90264f33305004495a9","hash":"49caf89f7c49ad84a9275a2b88564c5bceaff446"}
,"Z:\\Personal\\Proyectos\\newWeb\\ticksta\\back\\utils\\dates.js": {"path":"Z:\\Personal\\Proyectos\\newWeb\\ticksta\\back\\utils\\dates.js","statementMap":{"0":{"start":{"line":1,"column":19},"end":{"line":4,"column":1}},"1":{"start":{"line":2,"column":14},"end":{"line":2,"column":31}},"2":{"start":{"line":3,"column":1},"end":{"line":3,"column":27}},"3":{"start":{"line":6,"column":0},"end":{"line":6,"column":32}}},"fnMap":{"0":{"name":"(anonymous_0)","decl":{"start":{"line":1,"column":19},"end":{"line":1,"column":20}},"loc":{"start":{"line":1,"column":32},"end":{"line":4,"column":1}},"line":1}},"branchMap":{},"s":{"0":2,"1":8,"2":8,"3":2},"f":{"0":8},"b":{},"_coverageSchema":"1a1c01bbd47fc00a2c39e90264f33305004495a9","hash":"60e1160a18f7d739a612a71788f90930da72c662"}
,"Z:\\Personal\\Proyectos\\newWeb\\ticksta\\back\\utils\\schemaValidators.js": {"path":"Z:\\Personal\\Proyectos\\newWeb\\ticksta\\back\\utils\\schemaValidators.js","statementMap":{"0":{"start":{"line":1,"column":12},"end":{"line":1,"column":26}},"1":{"start":{"line":3,"column":23},"end":{"line":15,"column":1}},"2":{"start":{"line":4,"column":19},"end":{"line":4,"column":63}},"3":{"start":{"line":6,"column":1},"end":{"line":12,"column":2}},"4":{"start":{"line":7,"column":23},"end":{"line":10,"column":3}},"5":{"start":{"line":8,"column":20},"end":{"line":8,"column":47}},"6":{"start":{"line":11,"column":2},"end":{"line":11,"column":22}},"7":{"start":{"line":14,"column":1},"end":{"line":14,"column":13}},"8":{"start":{"line":17,"column":33},"end":{"line":26,"column":1}},"9":{"start":{"line":18,"column":20},"end":{"line":23,"column":3}},"10":{"start":{"line":25,"column":1},"end":{"line":25,"column":41}},"11":{"start":{"line":28,"column":31},"end":{"line":36,"column":1}},"12":{"start":{"line":29,"column":20},"end":{"line":33,"column":3}},"13":{"start":{"line":35,"column":1},"end":{"line":35,"column":41}},"14":{"start":{"line":38,"column":26},"end":{"line":45,"column":1}},"15":{"start":{"line":39,"column":21},"end":{"line":42,"column":3}},"16":{"start":{"line":44,"column":1},"end":{"line":44,"column":42}},"17":{"start":{"line":47,"column":23},"end":{"line":47,"column":74}},"18":{"start":{"line":48,"column":20},"end":{"line":48,"column":60}},"19":{"start":{"line":49,"column":25},"end":{"line":49,"column":50}},"20":{"start":{"line":51,"column":35},"end":{"line":65,"column":1}},"21":{"start":{"line":52,"column":22},"end":{"line":62,"column":3}},"22":{"start":{"line":64,"column":1},"end":{"line":64,"column":43}},"23":{"start":{"line":67,"column":33},"end":{"line":83,"column":1}},"24":{"start":{"line":68,"column":23},"end":{"line":80,"column":2}},"25":{"start":{"line":82,"column":1},"end":{"line":82,"column":54}},"26":{"start":{"line":85,"column":36},"end":{"line":92,"column":1}},"27":{"start":{"line":86,"column":22},"end":{"line":89,"column":3}},"28":{"start":{"line":91,"column":1},"end":{"line":91,"column":43}},"29":{"start":{"line":94,"column":34},"end":{"line":101,"column":1}},"30":{"start":{"line":95,"column":22},"end":{"line":98,"column":3}},"31":{"start":{"line":100,"column":1},"end":{"line":100,"column":43}},"32":{"start":{"line":103,"column":42},"end":{"line":110,"column":1}},"33":{"start":{"line":104,"column":29},"end":{"line":107,"column":3}},"34":{"start":{"line":109,"column":1},"end":{"line":109,"column":50}},"35":{"start":{"line":112,"column":0},"end":{"line":121,"column":2}}},"fnMap":{"0":{"name":"(anonymous_0)","decl":{"start":{"line":3,"column":23},"end":{"line":3,"column":24}},"loc":{"start":{"line":3,"column":41},"end":{"line":15,"column":1}},"line":3},"1":{"name":"(anonymous_1)","decl":{"start":{"line":8,"column":3},"end":{"line":8,"column":4}},"loc":{"start":{"line":8,"column":20},"end":{"line":8,"column":47}},"line":8},"2":{"name":"(anonymous_2)","decl":{"start":{"line":17,"column":33},"end":{"line":17,"column":34}},"loc":{"start":{"line":17,"column":43},"end":{"line":26,"column":1}},"line":17},"3":{"name":"(anonymous_3)","decl":{"start":{"line":28,"column":31},"end":{"line":28,"column":32}},"loc":{"start":{"line":28,"column":41},"end":{"line":36,"column":1}},"line":28},"4":{"name":"(anonymous_4)","decl":{"start":{"line":38,"column":26},"end":{"line":38,"column":27}},"loc":{"start":{"line":38,"column":36},"end":{"line":45,"column":1}},"line":38},"5":{"name":"(anonymous_5)","decl":{"start":{"line":51,"column":35},"end":{"line":51,"column":36}},"loc":{"start":{"line":51,"column":45},"end":{"line":65,"column":1}},"line":51},"6":{"name":"(anonymous_6)","decl":{"start":{"line":67,"column":33},"end":{"line":67,"column":34}},"loc":{"start":{"line":67,"column":53},"end":{"line":83,"column":1}},"line":67},"7":{"name":"(anonymous_7)","decl":{"start":{"line":85,"column":36},"end":{"line":85,"column":37}},"loc":{"start":{"line":85,"column":46},"end":{"line":92,"column":1}},"line":85},"8":{"name":"(anonymous_8)","decl":{"start":{"line":94,"column":34},"end":{"line":94,"column":35}},"loc":{"start":{"line":94,"column":44},"end":{"line":101,"column":1}},"line":94},"9":{"name":"(anonymous_9)","decl":{"start":{"line":103,"column":42},"end":{"line":103,"column":43}},"loc":{"start":{"line":103,"column":52},"end":{"line":110,"column":1}},"line":103}},"branchMap":{"0":{"loc":{"start":{"line":6,"column":1},"end":{"line":12,"column":2}},"type":"if","locations":[{"start":{"line":6,"column":1},"end":{"line":12,"column":2}},{"start":{},"end":{}}],"line":6}},"s":{"0":5,"1":5,"2":36,"3":36,"4":8,"5":17,"6":8,"7":28,"8":5,"9":2,"10":2,"11":5,"12":2,"13":2,"14":5,"15":16,"16":16,"17":5,"18":5,"19":5,"20":5,"21":3,"22":3,"23":5,"24":4,"25":4,"26":5,"27":2,"28":2,"29":5,"30":3,"31":3,"32":5,"33":4,"34":4,"35":5},"f":{"0":36,"1":17,"2":2,"3":2,"4":16,"5":3,"6":4,"7":2,"8":3,"9":4},"b":{"0":[8,28]},"_coverageSchema":"1a1c01bbd47fc00a2c39e90264f33305004495a9","hash":"e5b6c0fae9944c00e99b46d8fde2a7643dff0ab0"}
}
