TN:
SF:app.js
FN:27,(anonymous_0)
FN:31,(anonymous_1)
FNF:2
FNH:0
FNDA:0,(anonymous_0)
FNDA:0,(anonymous_1)
DA:1,5
DA:2,5
DA:3,5
DA:4,5
DA:5,5
DA:6,5
DA:7,5
DA:9,5
DA:10,5
DA:11,5
DA:12,5
DA:13,5
DA:14,5
DA:16,5
DA:17,5
DA:18,5
DA:20,5
DA:21,5
DA:22,5
DA:23,5
DA:24,5
DA:26,5
DA:27,5
DA:28,0
DA:31,5
DA:32,0
DA:35,5
LF:27
LH:25
BRF:0
BRH:0
end_of_record
TN:
SF:controllers\Auth.js
FN:7,(anonymous_0)
FN:50,(anonymous_1)
FN:55,(anonymous_2)
FN:59,(anonymous_3)
FNF:4
FNH:4
FNDA:21,(anonymous_0)
FNDA:2,(anonymous_1)
FNDA:20,(anonymous_2)
FNDA:15,(anonymous_3)
DA:1,6
DA:2,6
DA:3,6
DA:4,6
DA:5,6
DA:7,6
DA:8,21
DA:9,21
DA:11,21
DA:13,21
DA:14,2
DA:17,19
DA:18,19
DA:20,18
DA:21,2
DA:26,16
DA:27,16
DA:29,16
DA:30,14
DA:36,14
DA:38,14
DA:40,2
DA:45,1
DA:46,1
DA:50,6
DA:51,2
DA:52,2
DA:55,6
DA:56,20
DA:59,6
DA:60,15
DA:63,15
DA:66,6
LF:33
LH:33
BRDA:13,0,0,2
BRDA:13,0,1,19
BRDA:20,1,0,2
BRDA:20,1,1,16
BRDA:29,2,0,14
BRDA:29,2,1,2
BRF:6
BRH:6
end_of_record
TN:
SF:controllers\Project.js
FN:17,(anonymous_0)
FN:55,(anonymous_1)
FN:85,(anonymous_2)
FN:108,(anonymous_3)
FN:113,(anonymous_4)
FN:119,(anonymous_5)
FN:148,(anonymous_6)
FN:169,(anonymous_7)
FN:203,(anonymous_8)
FN:229,(anonymous_9)
FN:251,(anonymous_10)
FN:270,(anonymous_11)
FNF:12
FNH:12
FNDA:6,(anonymous_0)
FNDA:6,(anonymous_1)
FNDA:5,(anonymous_2)
FNDA:9,(anonymous_3)
FNDA:7,(anonymous_4)
FNDA:9,(anonymous_5)
FNDA:7,(anonymous_6)
FNDA:8,(anonymous_7)
FNDA:10,(anonymous_8)
FNDA:3,(anonymous_9)
FNDA:9,(anonymous_10)
FNDA:3,(anonymous_11)
DA:1,6
DA:2,6
DA:7,6
DA:9,6
DA:17,6
DA:18,6
DA:20,6
DA:23,6
DA:24,5
DA:32,4
DA:34,1
DA:47,1
DA:50,2
DA:51,2
DA:55,6
DA:56,6
DA:57,6
DA:59,6
DA:60,1
DA:63,5
DA:64,5
DA:74,4
DA:75,2
DA:78,2
DA:80,1
DA:81,1
DA:85,6
DA:86,5
DA:87,5
DA:89,5
DA:91,5
DA:92,2
DA:95,3
DA:96,3
DA:100,2
DA:102,1
DA:103,1
DA:108,6
DA:110,9
DA:112,9
DA:113,7
DA:116,9
DA:119,6
DA:120,9
DA:121,9
DA:123,9
DA:124,1
DA:127,8
DA:128,8
DA:133,7
DA:134,2
DA:137,5
DA:138,2
DA:141,3
DA:143,1
DA:144,1
DA:148,6
DA:149,7
DA:150,7
DA:152,7
DA:153,4
DA:156,3
DA:157,3
DA:162,2
DA:164,1
DA:165,1
DA:169,6
DA:170,8
DA:171,8
DA:173,8
DA:174,1
DA:177,7
DA:179,7
DA:180,2
DA:183,5
DA:184,5
DA:190,2
DA:192,3
DA:194,3
DA:196,2
DA:198,1
DA:203,6
DA:204,10
DA:205,10
DA:207,10
DA:208,1
DA:211,9
DA:212,9
DA:217,8
DA:222,8
DA:223,4
DA:228,4
DA:229,3
DA:232,4
DA:233,2
DA:236,2
DA:244,2
DA:246,1
DA:247,1
DA:251,6
DA:252,9
DA:253,9
DA:255,9
DA:256,1
DA:259,8
DA:260,8
DA:265,7
DA:266,3
DA:269,4
DA:270,3
DA:273,4
DA:274,2
DA:279,2
DA:287,2
DA:289,1
DA:290,1
DA:294,6
LF:117
LH:117
BRDA:23,0,0,5
BRDA:23,0,1,1
BRDA:23,1,0,6
BRDA:23,1,1,1
BRDA:59,2,0,1
BRDA:59,2,1,5
BRDA:74,3,0,2
BRDA:74,3,1,2
BRDA:91,4,0,2
BRDA:91,4,1,3
BRDA:110,5,0,9
BRDA:110,5,1,6
BRDA:116,6,0,9
BRDA:116,6,1,5
BRDA:123,7,0,1
BRDA:123,7,1,8
BRDA:133,8,0,2
BRDA:133,8,1,5
BRDA:137,9,0,2
BRDA:137,9,1,3
BRDA:152,10,0,4
BRDA:152,10,1,3
BRDA:152,11,0,7
BRDA:152,11,1,5
BRDA:173,12,0,1
BRDA:173,12,1,7
BRDA:179,13,0,2
BRDA:179,13,1,5
BRDA:194,14,0,2
BRDA:194,14,1,1
BRDA:207,15,0,1
BRDA:207,15,1,9
BRDA:222,16,0,4
BRDA:222,16,1,4
BRDA:222,17,0,8
BRDA:222,17,1,5
BRDA:232,18,0,2
BRDA:232,18,1,2
BRDA:255,19,0,1
BRDA:255,19,1,8
BRDA:265,20,0,3
BRDA:265,20,1,4
BRDA:273,21,0,2
BRDA:273,21,1,2
BRF:44
BRH:44
end_of_record
TN:
SF:controllers\Ticket.js
FN:9,(anonymous_0)
FN:45,(anonymous_1)
FN:65,(anonymous_2)
FN:88,(anonymous_3)
FN:93,(anonymous_4)
FN:99,(anonymous_5)
FN:142,(anonymous_6)
FN:163,(anonymous_7)
FNF:8
FNH:8
FNDA:6,(anonymous_0)
FNDA:8,(anonymous_1)
FNDA:5,(anonymous_2)
FNDA:7,(anonymous_3)
FNDA:8,(anonymous_4)
FNDA:8,(anonymous_5)
FNDA:7,(anonymous_6)
FNDA:10,(anonymous_7)
DA:1,6
DA:2,6
DA:7,6
DA:9,6
DA:10,6
DA:12,6
DA:17,6
DA:18,6
DA:20,6
DA:21,4
DA:24,5
DA:25,1
DA:31,5
DA:32,1
DA:38,5
DA:40,1
DA:41,1
DA:45,6
DA:46,8
DA:47,8
DA:48,8
DA:50,8
DA:51,2
DA:54,6
DA:55,6
DA:60,6
DA:61,2
DA:64,4
DA:65,5
DA:68,4
DA:69,1
DA:72,3
DA:80,2
DA:82,1
DA:83,1
DA:88,6
DA:90,7
DA:92,7
DA:93,8
DA:96,7
DA:99,6
DA:100,8
DA:101,8
DA:103,8
DA:104,2
DA:107,6
DA:108,6
DA:127,5
DA:128,2
DA:131,3
DA:132,1
DA:135,2
DA:137,1
DA:138,1
DA:142,6
DA:143,7
DA:144,7
DA:146,7
DA:147,4
DA:150,3
DA:151,3
DA:156,2
DA:158,1
DA:159,1
DA:163,6
DA:164,10
DA:165,10
DA:166,10
DA:168,10
DA:173,10
DA:174,2
DA:177,8
DA:178,2
DA:181,6
DA:182,6
DA:186,5
DA:190,1
DA:193,4
DA:194,2
DA:197,2
DA:217,2
DA:219,1
DA:220,1
DA:224,6
LF:84
LH:84
BRDA:20,0,0,4
BRDA:20,0,1,2
BRDA:20,1,0,6
BRDA:20,1,1,3
BRDA:24,2,0,1
BRDA:24,2,1,4
BRDA:31,3,0,1
BRDA:31,3,1,4
BRDA:50,4,0,2
BRDA:50,4,1,6
BRDA:60,5,0,2
BRDA:60,5,1,4
BRDA:68,6,0,1
BRDA:68,6,1,3
BRDA:90,7,0,7
BRDA:90,7,1,4
BRDA:96,8,0,7
BRDA:96,8,1,3
BRDA:103,9,0,2
BRDA:103,9,1,6
BRDA:127,10,0,2
BRDA:127,10,1,3
BRDA:131,11,0,1
BRDA:131,11,1,2
BRDA:146,12,0,4
BRDA:146,12,1,3
BRDA:146,13,0,7
BRDA:146,13,1,5
BRDA:173,14,0,2
BRDA:173,14,1,8
BRDA:177,15,0,2
BRDA:177,15,1,6
BRDA:186,16,0,1
BRDA:186,16,1,4
BRDA:187,17,0,5
BRDA:187,17,1,1
BRDA:193,18,0,2
BRDA:193,18,1,2
BRF:38
BRH:38
end_of_record
TN:
SF:controllers\TicketMessage.js
FN:9,(anonymous_0)
FN:20,(anonymous_1)
FN:65,(anonymous_2)
FNF:3
FNH:3
FNDA:10,(anonymous_0)
FNDA:9,(anonymous_1)
FNDA:6,(anonymous_2)
DA:1,6
DA:2,6
DA:6,6
DA:9,6
DA:11,10
DA:13,10
DA:15,10
DA:17,10
DA:20,6
DA:21,9
DA:23,9
DA:24,9
DA:27,9
DA:29,9
DA:31,9
DA:32,2
DA:35,7
DA:36,7
DA:40,7
DA:41,2
DA:44,5
DA:45,2
DA:48,3
DA:58,2
DA:60,1
DA:61,1
DA:65,6
DA:66,6
DA:67,6
DA:69,6
DA:70,2
DA:73,4
DA:74,4
DA:83,3
DA:85,1
DA:86,1
DA:90,6
LF:37
LH:37
BRDA:11,0,0,10
BRDA:11,0,1,9
BRDA:17,1,0,10
BRDA:17,1,1,5
BRDA:17,1,2,4
BRDA:23,2,0,9
BRDA:23,2,1,0
BRDA:31,3,0,2
BRDA:31,3,1,7
BRDA:40,4,0,2
BRDA:40,4,1,5
BRDA:44,5,0,2
BRDA:44,5,1,3
BRDA:69,6,0,2
BRDA:69,6,1,4
BRF:15
BRH:14
end_of_record
TN:
SF:controllers\User.js
FN:11,(anonymous_0)
FN:14,(anonymous_1)
FN:23,(anonymous_2)
FN:30,(anonymous_3)
FN:39,(anonymous_4)
FN:64,(anonymous_5)
FN:92,(anonymous_6)
FN:114,(anonymous_7)
FN:132,(anonymous_8)
FNF:9
FNH:9
FNDA:4,(anonymous_0)
FNDA:6,(anonymous_1)
FNDA:4,(anonymous_2)
FNDA:5,(anonymous_3)
FNDA:6,(anonymous_4)
FNDA:8,(anonymous_5)
FNDA:8,(anonymous_6)
FNDA:4,(anonymous_7)
FNDA:22,(anonymous_8)
DA:1,6
DA:2,6
DA:3,6
DA:4,6
DA:9,6
DA:11,6
DA:12,4
DA:13,4
DA:14,6
DA:16,3
DA:18,1
DA:19,1
DA:23,6
DA:24,4
DA:25,4
DA:30,5
DA:32,3
DA:34,1
DA:35,1
DA:39,6
DA:40,6
DA:42,6
DA:44,6
DA:45,2
DA:48,4
DA:49,4
DA:51,4
DA:52,4
DA:56,3
DA:57,3
DA:59,1
DA:60,1
DA:64,6
DA:65,8
DA:66,8
DA:68,8
DA:69,2
DA:72,6
DA:74,6
DA:75,2
DA:78,4
DA:79,4
DA:84,3
DA:85,3
DA:87,1
DA:88,1
DA:92,6
DA:93,8
DA:95,8
DA:96,2
DA:99,6
DA:100,6
DA:102,5
DA:103,2
DA:106,3
DA:107,3
DA:109,1
DA:110,1
DA:114,6
DA:115,4
DA:116,4
DA:117,4
DA:119,3
DA:120,1
DA:123,2
DA:125,2
DA:127,1
DA:128,1
DA:132,6
DA:133,22
DA:135,22
DA:138,6
LF:72
LH:72
BRDA:44,0,0,2
BRDA:44,0,1,4
BRDA:68,1,0,2
BRDA:68,1,1,6
BRDA:74,2,0,2
BRDA:74,2,1,4
BRDA:95,3,0,2
BRDA:95,3,1,6
BRDA:102,4,0,2
BRDA:102,4,1,3
BRDA:119,5,0,1
BRDA:119,5,1,2
BRF:12
BRH:12
end_of_record
TN:
SF:middleware\authMiddleware.js
FN:3,(anonymous_0)
FN:27,authorizeRole
FN:28,(anonymous_2)
FNF:3
FNH:3
FNDA:81,(anonymous_0)
FNDA:74,authorizeRole
FNDA:54,(anonymous_2)
DA:1,6
DA:3,6
DA:4,81
DA:5,81
DA:7,81
DA:8,15
DA:11,66
DA:12,66
DA:14,64
DA:15,64
DA:17,2
DA:19,2
DA:20,1
DA:23,1
DA:28,74
DA:29,54
DA:31,54
DA:32,15
DA:35,39
DA:36,25
DA:39,14
DA:42,74
DA:45,6
LF:23
LH:23
BRDA:5,0,0,66
BRDA:5,0,1,15
BRDA:7,1,0,15
BRDA:7,1,1,66
BRDA:19,2,0,1
BRDA:19,2,1,1
BRDA:31,3,0,15
BRDA:31,3,1,39
BRDA:31,4,0,54
BRDA:31,4,1,21
BRDA:35,5,0,25
BRDA:35,5,1,14
BRDA:35,6,0,39
BRDA:35,6,1,33
BRF:14
BRH:14
end_of_record
TN:
SF:routes\Auth.js
FNF:0
FNH:0
DA:1,5
DA:2,5
DA:4,5
DA:5,5
DA:7,5
DA:8,5
DA:10,5
LF:7
LH:7
BRF:0
BRH:0
end_of_record
TN:
SF:routes\Project.js
FNF:0
FNH:0
DA:1,5
DA:2,5
DA:12,5
DA:13,5
DA:15,5
DA:16,5
DA:18,5
DA:19,5
DA:21,5
DA:27,5
DA:33,5
DA:35,5
DA:41,5
LF:13
LH:13
BRF:0
BRH:0
end_of_record
TN:
SF:routes\Ticket.js
FNF:0
FNH:0
DA:1,5
DA:2,5
DA:9,5
DA:10,5
DA:12,5
DA:13,5
DA:15,5
DA:16,5
DA:18,5
DA:24,5
LF:10
LH:10
BRF:0
BRH:0
end_of_record
TN:
SF:routes\TicketMessage.js
FNF:0
FNH:0
DA:1,5
DA:2,5
DA:6,5
DA:7,5
DA:9,5
DA:11,5
DA:13,5
LF:7
LH:7
BRF:0
BRH:0
end_of_record
TN:
SF:routes\User.js
FNF:0
FNH:0
DA:1,5
DA:2,5
DA:9,5
DA:13,5
DA:15,5
DA:22,5
DA:23,5
DA:25,5
DA:26,5
DA:28,5
LF:10
LH:10
BRF:0
BRH:0
end_of_record
TN:
SF:utils\dates.js
FN:1,(anonymous_0)
FNF:1
FNH:1
FNDA:8,(anonymous_0)
DA:1,2
DA:2,8
DA:3,8
DA:6,2
LF:4
LH:4
BRF:0
BRH:0
end_of_record
TN:
SF:utils\schemaValidators.js
FN:3,(anonymous_0)
FN:8,(anonymous_1)
FN:17,(anonymous_2)
FN:28,(anonymous_3)
FN:38,(anonymous_4)
FN:51,(anonymous_5)
FN:67,(anonymous_6)
FN:85,(anonymous_7)
FN:94,(anonymous_8)
FN:103,(anonymous_9)
FNF:10
FNH:10
FNDA:36,(anonymous_0)
FNDA:17,(anonymous_1)
FNDA:2,(anonymous_2)
FNDA:2,(anonymous_3)
FNDA:16,(anonymous_4)
FNDA:3,(anonymous_5)
FNDA:4,(anonymous_6)
FNDA:2,(anonymous_7)
FNDA:3,(anonymous_8)
FNDA:4,(anonymous_9)
DA:1,5
DA:3,5
DA:4,36
DA:6,36
DA:7,8
DA:8,17
DA:11,8
DA:14,28
DA:17,5
DA:18,2
DA:25,2
DA:28,5
DA:29,2
DA:35,2
DA:38,5
DA:39,16
DA:44,16
DA:47,5
DA:48,5
DA:49,5
DA:51,5
DA:52,3
DA:64,3
DA:67,5
DA:68,4
DA:82,4
DA:85,5
DA:86,2
DA:91,2
DA:94,5
DA:95,3
DA:100,3
DA:103,5
DA:104,4
DA:109,4
DA:112,5
LF:36
LH:36
BRDA:6,0,0,8
BRDA:6,0,1,28
BRF:2
BRH:2
end_of_record
